ARM GAS  C:\Users\s_bej\AppData\Local\Temp\cc4I9rHN.s 			page 1


   1              		.syntax unified
   2              		.cpu cortex-m3
   3              		.fpu softvfp
   4              		.eabi_attribute 20, 1
   5              		.eabi_attribute 21, 1
   6              		.eabi_attribute 23, 3
   7              		.eabi_attribute 24, 1
   8              		.eabi_attribute 25, 1
   9              		.eabi_attribute 26, 1
  10              		.eabi_attribute 30, 1
  11              		.eabi_attribute 34, 1
  12              		.eabi_attribute 18, 4
  13              		.thumb
  14              		.syntax unified
  15              		.file	"cymetadata.c"
  16              		.text
  17              	.Ltext0:
  18              		.cfi_sections	.debug_frame
  19              		.global	cy_metadata
  20              		.global	cy_meta_flashprotect
  21              		.global	cy_meta_wonvl
  22              		.global	cy_meta_custnvl
  23              		.global	cy_meta_configecc
  24              		.section	.cyconfigecc,"a",%progbits
  25              		.align	2
  26              		.type	cy_meta_configecc, %object
  27              		.size	cy_meta_configecc, 548
  28              	cy_meta_configecc:
  29 0000 03       		.byte	3
  30 0001 45       		.byte	69
  31 0002 00       		.byte	0
  32 0003 40       		.byte	64
  33 0004 02       		.byte	2
  34 0005 4F       		.byte	79
  35 0006 00       		.byte	0
  36 0007 40       		.byte	64
  37 0008 01       		.byte	1
  38 0009 5A       		.byte	90
  39 000a 00       		.byte	0
  40 000b 40       		.byte	64
  41 000c 01       		.byte	1
  42 000d 64       		.byte	100
  43 000e 00       		.byte	0
  44 000f 40       		.byte	64
  45 0010 01       		.byte	1
  46 0011 01       		.byte	1
  47 0012 01       		.byte	1
  48 0013 40       		.byte	64
  49 0014 04       		.byte	4
  50 0015 02       		.byte	2
  51 0016 01       		.byte	1
  52 0017 40       		.byte	64
  53 0018 01       		.byte	1
  54 0019 03       		.byte	3
  55 001a 01       		.byte	1
  56 001b 40       		.byte	64
  57 001c 02       		.byte	2
ARM GAS  C:\Users\s_bej\AppData\Local\Temp\cc4I9rHN.s 			page 2


  58 001d 05       		.byte	5
  59 001e 01       		.byte	1
  60 001f 40       		.byte	64
  61 0020 02       		.byte	2
  62 0021 07       		.byte	7
  63 0022 01       		.byte	1
  64 0023 40       		.byte	64
  65 0024 01       		.byte	1
  66 0025 09       		.byte	9
  67 0026 01       		.byte	1
  68 0027 40       		.byte	64
  69 0028 28       		.byte	40
  70 0029 0A       		.byte	10
  71 002a 01       		.byte	1
  72 002b 40       		.byte	64
  73 002c 0B       		.byte	11
  74 002d 0B       		.byte	11
  75 002e 01       		.byte	1
  76 002f 40       		.byte	64
  77 0030 20       		.byte	32
  78 0031 0C       		.byte	12
  79 0032 01       		.byte	1
  80 0033 40       		.byte	64
  81 0034 0F       		.byte	15
  82 0035 0D       		.byte	13
  83 0036 01       		.byte	1
  84 0037 40       		.byte	64
  85 0038 01       		.byte	1
  86 0039 0F       		.byte	15
  87 003a 01       		.byte	1
  88 003b 40       		.byte	64
  89 003c 02       		.byte	2
  90 003d 15       		.byte	21
  91 003e 01       		.byte	1
  92 003f 40       		.byte	64
  93 0040 01       		.byte	1
  94 0041 17       		.byte	23
  95 0042 01       		.byte	1
  96 0043 40       		.byte	64
  97 0044 01       		.byte	1
  98 0045 19       		.byte	25
  99 0046 01       		.byte	1
 100 0047 40       		.byte	64
 101 0048 02       		.byte	2
 102 0049 1B       		.byte	27
 103 004a 01       		.byte	1
 104 004b 40       		.byte	64
 105 004c 09       		.byte	9
 106 004d 40       		.byte	64
 107 004e 01       		.byte	1
 108 004f 40       		.byte	64
 109 0050 04       		.byte	4
 110 0051 41       		.byte	65
 111 0052 01       		.byte	1
 112 0053 40       		.byte	64
 113 0054 09       		.byte	9
 114 0055 42       		.byte	66
ARM GAS  C:\Users\s_bej\AppData\Local\Temp\cc4I9rHN.s 			page 3


 115 0056 01       		.byte	1
 116 0057 40       		.byte	64
 117 0058 06       		.byte	6
 118 0059 43       		.byte	67
 119 005a 01       		.byte	1
 120 005b 40       		.byte	64
 121 005c 01       		.byte	1
 122 005d 44       		.byte	68
 123 005e 01       		.byte	1
 124 005f 40       		.byte	64
 125 0060 03       		.byte	3
 126 0061 45       		.byte	69
 127 0062 01       		.byte	1
 128 0063 40       		.byte	64
 129 0064 05       		.byte	5
 130 0065 47       		.byte	71
 131 0066 01       		.byte	1
 132 0067 40       		.byte	64
 133 0068 06       		.byte	6
 134 0069 48       		.byte	72
 135 006a 01       		.byte	1
 136 006b 40       		.byte	64
 137 006c 03       		.byte	3
 138 006d 49       		.byte	73
 139 006e 01       		.byte	1
 140 006f 40       		.byte	64
 141 0070 09       		.byte	9
 142 0071 4C       		.byte	76
 143 0072 01       		.byte	1
 144 0073 40       		.byte	64
 145 0074 03       		.byte	3
 146 0075 4D       		.byte	77
 147 0076 01       		.byte	1
 148 0077 40       		.byte	64
 149 0078 04       		.byte	4
 150 0079 50       		.byte	80
 151 007a 01       		.byte	1
 152 007b 40       		.byte	64
 153 007c 02       		.byte	2
 154 007d 51       		.byte	81
 155 007e 01       		.byte	1
 156 007f 40       		.byte	64
 157 0080 10       		.byte	16
 158 0081 01       		.byte	1
 159 0082 11       		.byte	17
 160 0083 01       		.byte	1
 161 0084 12       		.byte	18
 162 0085 01       		.byte	1
 163 0086 01       		.byte	1
 164 0087 10       		.byte	16
 165 0088 0A       		.byte	10
 166 0089 4B       		.byte	75
 167 008a 9F       		.byte	-97
 168 008b 01       		.byte	1
 169 008c 8C       		.byte	-116
 170 008d 0D       		.byte	13
 171 008e E2       		.byte	-30
ARM GAS  C:\Users\s_bej\AppData\Local\Temp\cc4I9rHN.s 			page 4


 172 008f 02       		.byte	2
 173 0090 B8       		.byte	-72
 174 0091 02       		.byte	2
 175 0092 BE       		.byte	-66
 176 0093 01       		.byte	1
 177 0094 D8       		.byte	-40
 178 0095 04       		.byte	4
 179 0096 DF       		.byte	-33
 180 0097 01       		.byte	1
 181 0098 18       		.byte	24
 182 0099 80       		.byte	-128
 183 009a 90       		.byte	-112
 184 009b 80       		.byte	-128
 185 009c EE       		.byte	-18
 186 009d 08       		.byte	8
 187 009e A8       		.byte	-88
 188 009f 40       		.byte	64
 189 00a0 E8       		.byte	-24
 190 00a1 10       		.byte	16
 191 00a2 E8       		.byte	-24
 192 00a3 10       		.byte	16
 193 00a4 40       		.byte	64
 194 00a5 54       		.byte	84
 195 00a6 49       		.byte	73
 196 00a7 FF       		.byte	-1
 197 00a8 4A       		.byte	74
 198 00a9 FF       		.byte	-1
 199 00aa 4B       		.byte	75
 200 00ab FF       		.byte	-1
 201 00ac 4F       		.byte	79
 202 00ad 01       		.byte	1
 203 00ae 50       		.byte	80
 204 00af 18       		.byte	24
 205 00b0 5A       		.byte	90
 206 00b1 04       		.byte	4
 207 00b2 5D       		.byte	93
 208 00b3 09       		.byte	9
 209 00b4 5F       		.byte	95
 210 00b5 01       		.byte	1
 211 00b6 60       		.byte	96
 212 00b7 40       		.byte	64
 213 00b8 62       		.byte	98
 214 00b9 40       		.byte	64
 215 00ba 64       		.byte	100
 216 00bb 40       		.byte	64
 217 00bc 65       		.byte	101
 218 00bd 40       		.byte	64
 219 00be 66       		.byte	102
 220 00bf 80       		.byte	-128
 221 00c0 68       		.byte	104
 222 00c1 80       		.byte	-128
 223 00c2 6A       		.byte	106
 224 00c3 80       		.byte	-128
 225 00c4 6C       		.byte	108
 226 00c5 80       		.byte	-128
 227 00c6 6E       		.byte	110
 228 00c7 80       		.byte	-128
ARM GAS  C:\Users\s_bej\AppData\Local\Temp\cc4I9rHN.s 			page 5


 229 00c8 C0       		.byte	-64
 230 00c9 14       		.byte	20
 231 00ca C9       		.byte	-55
 232 00cb FF       		.byte	-1
 233 00cc CA       		.byte	-54
 234 00cd FF       		.byte	-1
 235 00ce CB       		.byte	-53
 236 00cf FF       		.byte	-1
 237 00d0 CD       		.byte	-51
 238 00d1 83       		.byte	-125
 239 00d2 CE       		.byte	-50
 240 00d3 03       		.byte	3
 241 00d4 CF       		.byte	-49
 242 00d5 01       		.byte	1
 243 00d6 D0       		.byte	-48
 244 00d7 18       		.byte	24
 245 00d8 D2       		.byte	-46
 246 00d9 80       		.byte	-128
 247 00da DA       		.byte	-38
 248 00db 04       		.byte	4
 249 00dc DB       		.byte	-37
 250 00dd 04       		.byte	4
 251 00de DD       		.byte	-35
 252 00df 99       		.byte	-103
 253 00e0 DF       		.byte	-33
 254 00e1 01       		.byte	1
 255 00e2 E0       		.byte	-32
 256 00e3 40       		.byte	64
 257 00e4 E2       		.byte	-30
 258 00e5 40       		.byte	64
 259 00e6 E4       		.byte	-28
 260 00e7 40       		.byte	64
 261 00e8 E5       		.byte	-27
 262 00e9 40       		.byte	64
 263 00ea E6       		.byte	-26
 264 00eb 80       		.byte	-128
 265 00ec E8       		.byte	-24
 266 00ed 80       		.byte	-128
 267 00ee EA       		.byte	-22
 268 00ef 80       		.byte	-128
 269 00f0 EC       		.byte	-20
 270 00f1 80       		.byte	-128
 271 00f2 EE       		.byte	-18
 272 00f3 80       		.byte	-128
 273 00f4 42       		.byte	66
 274 00f5 80       		.byte	-128
 275 00f6 46       		.byte	70
 276 00f7 80       		.byte	-128
 277 00f8 47       		.byte	71
 278 00f9 80       		.byte	-128
 279 00fa 48       		.byte	72
 280 00fb 01       		.byte	1
 281 00fc 74       		.byte	116
 282 00fd 01       		.byte	1
 283 00fe 77       		.byte	119
 284 00ff 80       		.byte	-128
 285 0100 9A       		.byte	-102
ARM GAS  C:\Users\s_bej\AppData\Local\Temp\cc4I9rHN.s 			page 6


 286 0101 80       		.byte	-128
 287 0102 9F       		.byte	-97
 288 0103 80       		.byte	-128
 289 0104 AF       		.byte	-81
 290 0105 80       		.byte	-128
 291 0106 D0       		.byte	-48
 292 0107 91       		.byte	-111
 293 0108 D2       		.byte	-46
 294 0109 08       		.byte	8
 295 010a 22       		.byte	34
 296 010b 01       		.byte	1
 297 010c 2E       		.byte	46
 298 010d 01       		.byte	1
 299 010e 30       		.byte	48
 300 010f 01       		.byte	1
 301 0110 36       		.byte	54
 302 0111 01       		.byte	1
 303 0112 3E       		.byte	62
 304 0113 01       		.byte	1
 305 0114 40       		.byte	64
 306 0115 14       		.byte	20
 307 0116 45       		.byte	69
 308 0117 EC       		.byte	-20
 309 0118 46       		.byte	70
 310 0119 02       		.byte	2
 311 011a 48       		.byte	72
 312 011b 07       		.byte	7
 313 011c 49       		.byte	73
 314 011d FF       		.byte	-1
 315 011e 4A       		.byte	74
 316 011f FF       		.byte	-1
 317 0120 4B       		.byte	75
 318 0121 FF       		.byte	-1
 319 0122 4D       		.byte	77
 320 0123 83       		.byte	-125
 321 0124 4E       		.byte	78
 322 0125 03       		.byte	3
 323 0126 4F       		.byte	79
 324 0127 01       		.byte	1
 325 0128 50       		.byte	80
 326 0129 18       		.byte	24
 327 012a 54       		.byte	84
 328 012b 01       		.byte	1
 329 012c 58       		.byte	88
 330 012d 04       		.byte	4
 331 012e 5A       		.byte	90
 332 012f 04       		.byte	4
 333 0130 5B       		.byte	91
 334 0131 04       		.byte	4
 335 0132 5C       		.byte	92
 336 0133 09       		.byte	9
 337 0134 5D       		.byte	93
 338 0135 99       		.byte	-103
 339 0136 5F       		.byte	95
 340 0137 01       		.byte	1
 341 0138 60       		.byte	96
 342 0139 40       		.byte	64
ARM GAS  C:\Users\s_bej\AppData\Local\Temp\cc4I9rHN.s 			page 7


 343 013a 62       		.byte	98
 344 013b 40       		.byte	64
 345 013c 64       		.byte	100
 346 013d 40       		.byte	64
 347 013e 65       		.byte	101
 348 013f 40       		.byte	64
 349 0140 66       		.byte	102
 350 0141 80       		.byte	-128
 351 0142 68       		.byte	104
 352 0143 80       		.byte	-128
 353 0144 6A       		.byte	106
 354 0145 80       		.byte	-128
 355 0146 6C       		.byte	108
 356 0147 80       		.byte	-128
 357 0148 6E       		.byte	110
 358 0149 80       		.byte	-128
 359 014a 16       		.byte	22
 360 014b 80       		.byte	-128
 361 014c 17       		.byte	23
 362 014d 80       		.byte	-128
 363 014e 1E       		.byte	30
 364 014f 80       		.byte	-128
 365 0150 1F       		.byte	31
 366 0151 80       		.byte	-128
 367 0152 46       		.byte	70
 368 0153 80       		.byte	-128
 369 0154 47       		.byte	71
 370 0155 80       		.byte	-128
 371 0156 4D       		.byte	77
 372 0157 04       		.byte	4
 373 0158 4F       		.byte	79
 374 0159 01       		.byte	1
 375 015a 56       		.byte	86
 376 015b 80       		.byte	-128
 377 015c 5D       		.byte	93
 378 015d 04       		.byte	4
 379 015e 5E       		.byte	94
 380 015f 80       		.byte	-128
 381 0160 5F       		.byte	95
 382 0161 01       		.byte	1
 383 0162 C4       		.byte	-60
 384 0163 90       		.byte	-112
 385 0164 D0       		.byte	-48
 386 0165 90       		.byte	-112
 387 0166 D6       		.byte	-42
 388 0167 D0       		.byte	-48
 389 0168 E2       		.byte	-30
 390 0169 02       		.byte	2
 391 016a EC       		.byte	-20
 392 016b 10       		.byte	16
 393 016c EE       		.byte	-18
 394 016d 08       		.byte	8
 395 016e E2       		.byte	-30
 396 016f 80       		.byte	-128
 397 0170 E2       		.byte	-30
 398 0171 80       		.byte	-128
 399 0172 EC       		.byte	-20
ARM GAS  C:\Users\s_bej\AppData\Local\Temp\cc4I9rHN.s 			page 8


 400 0173 10       		.byte	16
 401 0174 EE       		.byte	-18
 402 0175 08       		.byte	8
 403 0176 32       		.byte	50
 404 0177 04       		.byte	4
 405 0178 33       		.byte	51
 406 0179 20       		.byte	32
 407 017a 36       		.byte	54
 408 017b 10       		.byte	16
 409 017c 37       		.byte	55
 410 017d 01       		.byte	1
 411 017e 3D       		.byte	61
 412 017f 80       		.byte	-128
 413 0180 87       		.byte	-121
 414 0181 01       		.byte	1
 415 0182 CC       		.byte	-52
 416 0183 F0       		.byte	-16
 417 0184 CE       		.byte	-50
 418 0185 20       		.byte	32
 419 0186 E2       		.byte	-30
 420 0187 40       		.byte	64
 421 0188 96       		.byte	-106
 422 0189 08       		.byte	8
 423 018a A5       		.byte	-91
 424 018b 40       		.byte	64
 425 018c A6       		.byte	-90
 426 018d 10       		.byte	16
 427 018e A7       		.byte	-89
 428 018f 20       		.byte	32
 429 0190 11       		.byte	17
 430 0191 02       		.byte	2
 431 0192 5B       		.byte	91
 432 0193 04       		.byte	4
 433 0194 96       		.byte	-106
 434 0195 08       		.byte	8
 435 0196 A5       		.byte	-91
 436 0197 40       		.byte	64
 437 0198 A7       		.byte	-89
 438 0199 20       		.byte	32
 439 019a AE       		.byte	-82
 440 019b 10       		.byte	16
 441 019c C4       		.byte	-60
 442 019d 10       		.byte	16
 443 019e D6       		.byte	-42
 444 019f 40       		.byte	64
 445 01a0 EE       		.byte	-18
 446 01a1 10       		.byte	16
 447 01a2 96       		.byte	-106
 448 01a3 08       		.byte	8
 449 01a4 A5       		.byte	-91
 450 01a5 40       		.byte	64
 451 01a6 A7       		.byte	-89
 452 01a7 20       		.byte	32
 453 01a8 AB       		.byte	-85
 454 01a9 04       		.byte	4
 455 01aa B5       		.byte	-75
 456 01ab 01       		.byte	1
ARM GAS  C:\Users\s_bej\AppData\Local\Temp\cc4I9rHN.s 			page 9


 457 01ac EA       		.byte	-22
 458 01ad 80       		.byte	-128
 459 01ae 86       		.byte	-122
 460 01af 02       		.byte	2
 461 01b0 12       		.byte	18
 462 01b1 02       		.byte	2
 463 01b2 A6       		.byte	-90
 464 01b3 02       		.byte	2
 465 01b4 C4       		.byte	-60
 466 01b5 02       		.byte	2
 467 01b6 30       		.byte	48
 468 01b7 20       		.byte	32
 469 01b8 90       		.byte	-112
 470 01b9 10       		.byte	16
 471 01ba B4       		.byte	-76
 472 01bb 10       		.byte	16
 473 01bc CC       		.byte	-52
 474 01bd 08       		.byte	8
 475 01be E8       		.byte	-24
 476 01bf 08       		.byte	8
 477 01c0 25       		.byte	37
 478 01c1 50       		.byte	80
 479 01c2 8A       		.byte	-118
 480 01c3 04       		.byte	4
 481 01c4 96       		.byte	-106
 482 01c5 08       		.byte	8
 483 01c6 A5       		.byte	-91
 484 01c7 40       		.byte	64
 485 01c8 A7       		.byte	-89
 486 01c9 20       		.byte	32
 487 01ca C8       		.byte	-56
 488 01cb 20       		.byte	32
 489 01cc AF       		.byte	-81
 490 01cd 20       		.byte	32
 491 01ce B5       		.byte	-75
 492 01cf 10       		.byte	16
 493 01d0 EE       		.byte	-18
 494 01d1 10       		.byte	16
 495 01d2 1C       		.byte	28
 496 01d3 02       		.byte	2
 497 01d4 1F       		.byte	31
 498 01d5 80       		.byte	-128
 499 01d6 38       		.byte	56
 500 01d7 10       		.byte	16
 501 01d8 88       		.byte	-120
 502 01d9 01       		.byte	1
 503 01da 90       		.byte	-112
 504 01db 10       		.byte	16
 505 01dc A4       		.byte	-92
 506 01dd 20       		.byte	32
 507 01de C6       		.byte	-58
 508 01df 01       		.byte	1
 509 01e0 CE       		.byte	-50
 510 01e1 08       		.byte	8
 511 01e2 E2       		.byte	-30
 512 01e3 01       		.byte	1
 513 01e4 AF       		.byte	-81
ARM GAS  C:\Users\s_bej\AppData\Local\Temp\cc4I9rHN.s 			page 10


 514 01e5 80       		.byte	-128
 515 01e6 B4       		.byte	-76
 516 01e7 20       		.byte	32
 517 01e8 EC       		.byte	-20
 518 01e9 08       		.byte	8
 519 01ea 01       		.byte	1
 520 01eb 01       		.byte	1
 521 01ec 02       		.byte	2
 522 01ed 14       		.byte	20
 523 01ee 0D       		.byte	13
 524 01ef 01       		.byte	1
 525 01f0 0F       		.byte	15
 526 01f1 01       		.byte	1
 527 01f2 00       		.byte	0
 528 01f3 FF       		.byte	-1
 529 01f4 10       		.byte	16
 530 01f5 02       		.byte	2
 531 01f6 00       		.byte	0
 532 01f7 00       		.byte	0
 533 01f8 00       		.byte	0
 534 01f9 0F       		.byte	15
 535 01fa 0F       		.byte	15
 536 01fb 00       		.byte	0
 537 01fc 00       		.byte	0
 538 01fd 00       		.byte	0
 539 01fe 00       		.byte	0
 540 01ff 00       		.byte	0
 541 0200 00       		.byte	0
 542 0201 7F       		.byte	127
 543 0202 7F       		.byte	127
 544 0203 00       		.byte	0
 545 0204 00       		.byte	0
 546 0205 00       		.byte	0
 547 0206 00       		.byte	0
 548 0207 00       		.byte	0
 549 0208 00       		.byte	0
 550 0209 0B       		.byte	11
 551 020a 0B       		.byte	11
 552 020b 00       		.byte	0
 553 020c 00       		.byte	0
 554 020d 00       		.byte	0
 555 020e 80       		.byte	-128
 556 020f 00       		.byte	0
 557 0210 07       		.byte	7
 558 0211 07       		.byte	7
 559 0212 00       		.byte	0
 560 0213 00       		.byte	0
 561 0214 00       		.byte	0
 562 0215 00       		.byte	0
 563 0216 00       		.byte	0
 564 0217 00       		.byte	0
 565 0218 00       		.byte	0
 566 0219 00       		.byte	0
 567 021a 00       		.byte	0
 568 021b 00       		.byte	0
 569 021c 00       		.byte	0
 570 021d 00       		.byte	0
ARM GAS  C:\Users\s_bej\AppData\Local\Temp\cc4I9rHN.s 			page 11


 571 021e 02       		.byte	2
 572 021f 00       		.byte	0
 573 0220 34       		.byte	52
 574 0221 00       		.byte	0
 575 0222 18       		.byte	24
 576 0223 01       		.byte	1
 577              		.section	.cywolatch,"a",%progbits
 578              		.align	2
 579              		.type	cy_meta_wonvl, %object
 580              		.size	cy_meta_wonvl, 4
 581              	cy_meta_wonvl:
 582 0000 BC       		.byte	-68
 583 0001 90       		.byte	-112
 584 0002 AC       		.byte	-84
 585 0003 AF       		.byte	-81
 586              		.section	.cycustnvl,"a",%progbits
 587              		.align	2
 588              		.type	cy_meta_custnvl, %object
 589              		.size	cy_meta_custnvl, 4
 590              	cy_meta_custnvl:
 591 0000 00       		.byte	0
 592 0001 00       		.byte	0
 593 0002 40       		.byte	64
 594 0003 05       		.byte	5
 595              		.section	.cymeta,"a",%progbits
 596              		.align	2
 597              		.type	cy_metadata, %object
 598              		.size	cy_metadata, 12
 599              	cy_metadata:
 600 0000 00       		.byte	0
 601 0001 01       		.byte	1
 602 0002 2E       		.byte	46
 603 0003 16       		.byte	22
 604 0004 10       		.byte	16
 605 0005 69       		.byte	105
 606 0006 00       		.byte	0
 607 0007 01       		.byte	1
 608 0008 00       		.byte	0
 609 0009 00       		.byte	0
 610 000a 00       		.byte	0
 611 000b 00       		.byte	0
 612              		.section	.cyflashprotect,"a",%progbits
 613              		.align	2
 614              		.type	cy_meta_flashprotect, %object
 615              		.size	cy_meta_flashprotect, 256
 616              	cy_meta_flashprotect:
 617 0000 00000000 		.space	256
 617      00000000 
 617      00000000 
 617      00000000 
 617      00000000 
 618              		.text
 619              	.Letext0:
 620              		.file 1 "c:\\program files (x86)\\cypress\\psoc creator\\4.2\\psoc creator\\import\\gnu\\arm\\5.4.
 621              		.file 2 "c:\\program files (x86)\\cypress\\psoc creator\\4.2\\psoc creator\\import\\gnu\\arm\\5.4.
 622              		.file 3 "Generated_Source\\PSoC5\\cymetadata.c"
 623              		.section	.debug_info,"",%progbits
ARM GAS  C:\Users\s_bej\AppData\Local\Temp\cc4I9rHN.s 			page 12


 624              	.Ldebug_info0:
 625 0000 31010000 		.4byte	0x131
 626 0004 0400     		.2byte	0x4
 627 0006 00000000 		.4byte	.Ldebug_abbrev0
 628 000a 04       		.byte	0x4
 629 000b 01       		.uleb128 0x1
 630 000c 24000000 		.4byte	.LASF17
 631 0010 0C       		.byte	0xc
 632 0011 D4010000 		.4byte	.LASF18
 633 0015 69010000 		.4byte	.LASF19
 634 0019 00000000 		.4byte	.Ldebug_line0
 635 001d 02       		.uleb128 0x2
 636 001e 01       		.byte	0x1
 637 001f 06       		.byte	0x6
 638 0020 C8010000 		.4byte	.LASF0
 639 0024 03       		.uleb128 0x3
 640 0025 00000000 		.4byte	.LASF9
 641 0029 01       		.byte	0x1
 642 002a 1D       		.byte	0x1d
 643 002b 2F000000 		.4byte	0x2f
 644 002f 02       		.uleb128 0x2
 645 0030 01       		.byte	0x1
 646 0031 08       		.byte	0x8
 647 0032 16000000 		.4byte	.LASF1
 648 0036 02       		.uleb128 0x2
 649 0037 02       		.byte	0x2
 650 0038 05       		.byte	0x5
 651 0039 5F010000 		.4byte	.LASF2
 652 003d 02       		.uleb128 0x2
 653 003e 02       		.byte	0x2
 654 003f 07       		.byte	0x7
 655 0040 C4000000 		.4byte	.LASF3
 656 0044 02       		.uleb128 0x2
 657 0045 04       		.byte	0x4
 658 0046 05       		.byte	0x5
 659 0047 BF010000 		.4byte	.LASF4
 660 004b 02       		.uleb128 0x2
 661 004c 04       		.byte	0x4
 662 004d 07       		.byte	0x7
 663 004e B2000000 		.4byte	.LASF5
 664 0052 02       		.uleb128 0x2
 665 0053 08       		.byte	0x8
 666 0054 05       		.byte	0x5
 667 0055 51010000 		.4byte	.LASF6
 668 0059 02       		.uleb128 0x2
 669 005a 08       		.byte	0x8
 670 005b 07       		.byte	0x7
 671 005c 06010000 		.4byte	.LASF7
 672 0060 04       		.uleb128 0x4
 673 0061 04       		.byte	0x4
 674 0062 05       		.byte	0x5
 675 0063 696E7400 		.ascii	"int\000"
 676 0067 02       		.uleb128 0x2
 677 0068 04       		.byte	0x4
 678 0069 07       		.byte	0x7
 679 006a F9000000 		.4byte	.LASF8
 680 006e 03       		.uleb128 0x3
ARM GAS  C:\Users\s_bej\AppData\Local\Temp\cc4I9rHN.s 			page 13


 681 006f 1D010000 		.4byte	.LASF10
 682 0073 02       		.byte	0x2
 683 0074 18       		.byte	0x18
 684 0075 24000000 		.4byte	0x24
 685 0079 05       		.uleb128 0x5
 686 007a 91000000 		.4byte	0x91
 687 007e 8A000000 		.4byte	0x8a
 688 0082 06       		.uleb128 0x6
 689 0083 8A000000 		.4byte	0x8a
 690 0087 2302     		.2byte	0x223
 691 0089 00       		.byte	0
 692 008a 02       		.uleb128 0x2
 693 008b 04       		.byte	0x4
 694 008c 07       		.byte	0x7
 695 008d 48010000 		.4byte	.LASF11
 696 0091 07       		.uleb128 0x7
 697 0092 6E000000 		.4byte	0x6e
 698 0096 08       		.uleb128 0x8
 699 0097 E7000000 		.4byte	.LASF12
 700 009b 03       		.byte	0x3
 701 009c 1F       		.byte	0x1f
 702 009d A7000000 		.4byte	0xa7
 703 00a1 05       		.uleb128 0x5
 704 00a2 03       		.byte	0x3
 705 00a3 00000000 		.4byte	cy_meta_configecc
 706 00a7 07       		.uleb128 0x7
 707 00a8 79000000 		.4byte	0x79
 708 00ac 05       		.uleb128 0x5
 709 00ad 91000000 		.4byte	0x91
 710 00b1 BC000000 		.4byte	0xbc
 711 00b5 09       		.uleb128 0x9
 712 00b6 8A000000 		.4byte	0x8a
 713 00ba 03       		.byte	0x3
 714 00bb 00       		.byte	0
 715 00bc 08       		.uleb128 0x8
 716 00bd D7000000 		.4byte	.LASF13
 717 00c1 03       		.byte	0x3
 718 00c2 71       		.byte	0x71
 719 00c3 CD000000 		.4byte	0xcd
 720 00c7 05       		.uleb128 0x5
 721 00c8 03       		.byte	0x3
 722 00c9 00000000 		.4byte	cy_meta_custnvl
 723 00cd 07       		.uleb128 0x7
 724 00ce AC000000 		.4byte	0xac
 725 00d2 08       		.uleb128 0x8
 726 00d3 3A010000 		.4byte	.LASF14
 727 00d7 03       		.byte	0x3
 728 00d8 7F       		.byte	0x7f
 729 00d9 E3000000 		.4byte	0xe3
 730 00dd 05       		.uleb128 0x5
 731 00de 03       		.byte	0x3
 732 00df 00000000 		.4byte	cy_meta_wonvl
 733 00e3 07       		.uleb128 0x7
 734 00e4 AC000000 		.4byte	0xac
 735 00e8 05       		.uleb128 0x5
 736 00e9 91000000 		.4byte	0x91
 737 00ed F8000000 		.4byte	0xf8
ARM GAS  C:\Users\s_bej\AppData\Local\Temp\cc4I9rHN.s 			page 14


 738 00f1 09       		.uleb128 0x9
 739 00f2 8A000000 		.4byte	0x8a
 740 00f6 FF       		.byte	0xff
 741 00f7 00       		.byte	0
 742 00f8 08       		.uleb128 0x8
 743 00f9 25010000 		.4byte	.LASF15
 744 00fd 03       		.byte	0x3
 745 00fe 8D       		.byte	0x8d
 746 00ff 09010000 		.4byte	0x109
 747 0103 05       		.uleb128 0x5
 748 0104 03       		.byte	0x3
 749 0105 00000000 		.4byte	cy_meta_flashprotect
 750 0109 07       		.uleb128 0x7
 751 010a E8000000 		.4byte	0xe8
 752 010e 05       		.uleb128 0x5
 753 010f 91000000 		.4byte	0x91
 754 0113 1E010000 		.4byte	0x11e
 755 0117 09       		.uleb128 0x9
 756 0118 8A000000 		.4byte	0x8a
 757 011c 0B       		.byte	0xb
 758 011d 00       		.byte	0
 759 011e 08       		.uleb128 0x8
 760 011f 0A000000 		.4byte	.LASF16
 761 0123 03       		.byte	0x3
 762 0124 BA       		.byte	0xba
 763 0125 2F010000 		.4byte	0x12f
 764 0129 05       		.uleb128 0x5
 765 012a 03       		.byte	0x3
 766 012b 00000000 		.4byte	cy_metadata
 767 012f 07       		.uleb128 0x7
 768 0130 0E010000 		.4byte	0x10e
 769 0134 00       		.byte	0
 770              		.section	.debug_abbrev,"",%progbits
 771              	.Ldebug_abbrev0:
 772 0000 01       		.uleb128 0x1
 773 0001 11       		.uleb128 0x11
 774 0002 01       		.byte	0x1
 775 0003 25       		.uleb128 0x25
 776 0004 0E       		.uleb128 0xe
 777 0005 13       		.uleb128 0x13
 778 0006 0B       		.uleb128 0xb
 779 0007 03       		.uleb128 0x3
 780 0008 0E       		.uleb128 0xe
 781 0009 1B       		.uleb128 0x1b
 782 000a 0E       		.uleb128 0xe
 783 000b 10       		.uleb128 0x10
 784 000c 17       		.uleb128 0x17
 785 000d 00       		.byte	0
 786 000e 00       		.byte	0
 787 000f 02       		.uleb128 0x2
 788 0010 24       		.uleb128 0x24
 789 0011 00       		.byte	0
 790 0012 0B       		.uleb128 0xb
 791 0013 0B       		.uleb128 0xb
 792 0014 3E       		.uleb128 0x3e
 793 0015 0B       		.uleb128 0xb
 794 0016 03       		.uleb128 0x3
ARM GAS  C:\Users\s_bej\AppData\Local\Temp\cc4I9rHN.s 			page 15


 795 0017 0E       		.uleb128 0xe
 796 0018 00       		.byte	0
 797 0019 00       		.byte	0
 798 001a 03       		.uleb128 0x3
 799 001b 16       		.uleb128 0x16
 800 001c 00       		.byte	0
 801 001d 03       		.uleb128 0x3
 802 001e 0E       		.uleb128 0xe
 803 001f 3A       		.uleb128 0x3a
 804 0020 0B       		.uleb128 0xb
 805 0021 3B       		.uleb128 0x3b
 806 0022 0B       		.uleb128 0xb
 807 0023 49       		.uleb128 0x49
 808 0024 13       		.uleb128 0x13
 809 0025 00       		.byte	0
 810 0026 00       		.byte	0
 811 0027 04       		.uleb128 0x4
 812 0028 24       		.uleb128 0x24
 813 0029 00       		.byte	0
 814 002a 0B       		.uleb128 0xb
 815 002b 0B       		.uleb128 0xb
 816 002c 3E       		.uleb128 0x3e
 817 002d 0B       		.uleb128 0xb
 818 002e 03       		.uleb128 0x3
 819 002f 08       		.uleb128 0x8
 820 0030 00       		.byte	0
 821 0031 00       		.byte	0
 822 0032 05       		.uleb128 0x5
 823 0033 01       		.uleb128 0x1
 824 0034 01       		.byte	0x1
 825 0035 49       		.uleb128 0x49
 826 0036 13       		.uleb128 0x13
 827 0037 01       		.uleb128 0x1
 828 0038 13       		.uleb128 0x13
 829 0039 00       		.byte	0
 830 003a 00       		.byte	0
 831 003b 06       		.uleb128 0x6
 832 003c 21       		.uleb128 0x21
 833 003d 00       		.byte	0
 834 003e 49       		.uleb128 0x49
 835 003f 13       		.uleb128 0x13
 836 0040 2F       		.uleb128 0x2f
 837 0041 05       		.uleb128 0x5
 838 0042 00       		.byte	0
 839 0043 00       		.byte	0
 840 0044 07       		.uleb128 0x7
 841 0045 26       		.uleb128 0x26
 842 0046 00       		.byte	0
 843 0047 49       		.uleb128 0x49
 844 0048 13       		.uleb128 0x13
 845 0049 00       		.byte	0
 846 004a 00       		.byte	0
 847 004b 08       		.uleb128 0x8
 848 004c 34       		.uleb128 0x34
 849 004d 00       		.byte	0
 850 004e 03       		.uleb128 0x3
 851 004f 0E       		.uleb128 0xe
ARM GAS  C:\Users\s_bej\AppData\Local\Temp\cc4I9rHN.s 			page 16


 852 0050 3A       		.uleb128 0x3a
 853 0051 0B       		.uleb128 0xb
 854 0052 3B       		.uleb128 0x3b
 855 0053 0B       		.uleb128 0xb
 856 0054 49       		.uleb128 0x49
 857 0055 13       		.uleb128 0x13
 858 0056 3F       		.uleb128 0x3f
 859 0057 19       		.uleb128 0x19
 860 0058 02       		.uleb128 0x2
 861 0059 18       		.uleb128 0x18
 862 005a 00       		.byte	0
 863 005b 00       		.byte	0
 864 005c 09       		.uleb128 0x9
 865 005d 21       		.uleb128 0x21
 866 005e 00       		.byte	0
 867 005f 49       		.uleb128 0x49
 868 0060 13       		.uleb128 0x13
 869 0061 2F       		.uleb128 0x2f
 870 0062 0B       		.uleb128 0xb
 871 0063 00       		.byte	0
 872 0064 00       		.byte	0
 873 0065 00       		.byte	0
 874              		.section	.debug_aranges,"",%progbits
 875 0000 14000000 		.4byte	0x14
 876 0004 0200     		.2byte	0x2
 877 0006 00000000 		.4byte	.Ldebug_info0
 878 000a 04       		.byte	0x4
 879 000b 00       		.byte	0
 880 000c 0000     		.2byte	0
 881 000e 0000     		.2byte	0
 882 0010 00000000 		.4byte	0
 883 0014 00000000 		.4byte	0
 884              		.section	.debug_line,"",%progbits
 885              	.Ldebug_line0:
 886 0000 3D010000 		.section	.debug_str,"MS",%progbits,1
 886      02003701 
 886      00000201 
 886      FB0E0D00 
 886      01010101 
 887              	.LASF9:
 888 0000 5F5F7569 		.ascii	"__uint8_t\000"
 888      6E74385F 
 888      7400
 889              	.LASF16:
 890 000a 63795F6D 		.ascii	"cy_metadata\000"
 890      65746164 
 890      61746100 
 891              	.LASF1:
 892 0016 756E7369 		.ascii	"unsigned char\000"
 892      676E6564 
 892      20636861 
 892      7200
 893              	.LASF17:
 894 0024 474E5520 		.ascii	"GNU C11 5.4.1 20160609 (release) [ARM/embedded-5-br"
 894      43313120 
 894      352E342E 
 894      31203230 
ARM GAS  C:\Users\s_bej\AppData\Local\Temp\cc4I9rHN.s 			page 17


 894      31363036 
 895 0057 616E6368 		.ascii	"anch revision 237715] -mcpu=cortex-m3 -mthumb -g -O"
 895      20726576 
 895      6973696F 
 895      6E203233 
 895      37373135 
 896 008a 67202D66 		.ascii	"g -ffunction-sections -ffat-lto-objects\000"
 896      66756E63 
 896      74696F6E 
 896      2D736563 
 896      74696F6E 
 897              	.LASF5:
 898 00b2 6C6F6E67 		.ascii	"long unsigned int\000"
 898      20756E73 
 898      69676E65 
 898      6420696E 
 898      7400
 899              	.LASF3:
 900 00c4 73686F72 		.ascii	"short unsigned int\000"
 900      7420756E 
 900      7369676E 
 900      65642069 
 900      6E7400
 901              	.LASF13:
 902 00d7 63795F6D 		.ascii	"cy_meta_custnvl\000"
 902      6574615F 
 902      63757374 
 902      6E766C00 
 903              	.LASF12:
 904 00e7 63795F6D 		.ascii	"cy_meta_configecc\000"
 904      6574615F 
 904      636F6E66 
 904      69676563 
 904      6300
 905              	.LASF8:
 906 00f9 756E7369 		.ascii	"unsigned int\000"
 906      676E6564 
 906      20696E74 
 906      00
 907              	.LASF7:
 908 0106 6C6F6E67 		.ascii	"long long unsigned int\000"
 908      206C6F6E 
 908      6720756E 
 908      7369676E 
 908      65642069 
 909              	.LASF10:
 910 011d 75696E74 		.ascii	"uint8_t\000"
 910      385F7400 
 911              	.LASF15:
 912 0125 63795F6D 		.ascii	"cy_meta_flashprotect\000"
 912      6574615F 
 912      666C6173 
 912      6870726F 
 912      74656374 
 913              	.LASF14:
 914 013a 63795F6D 		.ascii	"cy_meta_wonvl\000"
 914      6574615F 
ARM GAS  C:\Users\s_bej\AppData\Local\Temp\cc4I9rHN.s 			page 18


 914      776F6E76 
 914      6C00
 915              	.LASF11:
 916 0148 73697A65 		.ascii	"sizetype\000"
 916      74797065 
 916      00
 917              	.LASF6:
 918 0151 6C6F6E67 		.ascii	"long long int\000"
 918      206C6F6E 
 918      6720696E 
 918      7400
 919              	.LASF2:
 920 015f 73686F72 		.ascii	"short int\000"
 920      7420696E 
 920      7400
 921              	.LASF19:
 922 0169 433A5C43 		.ascii	"C:\\Cosas Otro PC\\Universidad\\Noveno Semestre\\Si"
 922      6F736173 
 922      204F7472 
 922      6F205043 
 922      5C556E69 
 923 0198 7374656D 		.ascii	"stemas Embebidos\\Proy3_1\\Proy3_1.cydsn\000"
 923      61732045 
 923      6D626562 
 923      69646F73 
 923      5C50726F 
 924              	.LASF4:
 925 01bf 6C6F6E67 		.ascii	"long int\000"
 925      20696E74 
 925      00
 926              	.LASF0:
 927 01c8 7369676E 		.ascii	"signed char\000"
 927      65642063 
 927      68617200 
 928              	.LASF18:
 929 01d4 47656E65 		.ascii	"Generated_Source\\PSoC5\\cymetadata.c\000"
 929      72617465 
 929      645F536F 
 929      75726365 
 929      5C50536F 
 930              		.ident	"GCC: (GNU Tools for ARM Embedded Processors) 5.4.1 20160609 (release) [ARM/embedded-5-bran
