ARM GAS  C:\Users\nikod\AppData\Local\Temp\cccM4KxJ.s 			page 1


   1              		.syntax unified
   2              		.cpu cortex-m3
   3              		.fpu softvfp
   4              		.eabi_attribute 20, 1
   5              		.eabi_attribute 21, 1
   6              		.eabi_attribute 23, 3
   7              		.eabi_attribute 24, 1
   8              		.eabi_attribute 25, 1
   9              		.eabi_attribute 26, 1
  10              		.eabi_attribute 30, 1
  11              		.eabi_attribute 34, 1
  12              		.eabi_attribute 18, 4
  13              		.thumb
  14              		.syntax unified
  15              		.file	"main.c"
  16              		.text
  17              	.Ltext0:
  18              		.cfi_sections	.debug_frame
  19              		.section	.text.INT_SW,"ax",%progbits
  20              		.align	2
  21              		.global	INT_SW
  22              		.thumb
  23              		.thumb_func
  24              		.type	INT_SW, %function
  25              	INT_SW:
  26              	.LFB63:
  27              		.file 1 "main.c"
   1:main.c        **** /* ========================================
   2:main.c        ****  *
   3:main.c        ****  * Copyright YOUR COMPANY, THE YEAR
   4:main.c        ****  * All Rights Reserved
   5:main.c        ****  * UNPUBLISHED, LICENSED SOFTWARE.
   6:main.c        ****  *
   7:main.c        ****  * CONFIDENTIAL AND PROPRIETARY INFORMATION
   8:main.c        ****  * WHICH IS THE PROPERTY OF your company.
   9:main.c        ****  *
  10:main.c        ****  * ========================================
  11:main.c        **** */
  12:main.c        **** #include "project.h"
  13:main.c        **** #include <math.h>
  14:main.c        **** 
  15:main.c        **** //Creación de variables h para los coeficientes del filtro, x para las muestras, y para la salida,
  16:main.c        **** //tecla para guardar lo recibido del teclado
  17:main.c        **** 
  18:main.c        **** const double g[]={5.7797,-15.6072,25.4760,-27.4067,19.8718,-9.4955,2.7433,-0.3708};//8
  19:main.c        **** //const float h[]={0,0.0004,0.0004,-0.0007,-0.0028,-0.0051,-0.0055,-0.0026,0.0031,0.0085,0.0099,0.0
  20:main.c        **** const float h[]={0.0016,0.0019,0.0023,0.0026,0.0026,0.0020,0.0006,-0.0022,-0.0063,-0.0118,-0.0185,-
  21:main.c        **** volatile uint8 cont=0;
  22:main.c        **** uint16 x[51];
  23:main.c        **** 
  24:main.c        **** 
  25:main.c        **** CY_ISR(INT_SW){
  28              		.loc 1 25 0
  29              		.cfi_startproc
  30              		@ args = 0, pretend = 0, frame = 0
  31              		@ frame_needed = 0, uses_anonymous_args = 0
  32 0000 08B5     		push	{r3, lr}
ARM GAS  C:\Users\nikod\AppData\Local\Temp\cccM4KxJ.s 			page 2


  33              		.cfi_def_cfa_offset 8
  34              		.cfi_offset 3, -8
  35              		.cfi_offset 14, -4
  26:main.c        ****     if(cont==1){
  36              		.loc 1 26 0
  37 0002 094B     		ldr	r3, .L5
  38 0004 1B78     		ldrb	r3, [r3]	@ zero_extendqisi2
  39 0006 DBB2     		uxtb	r3, r3
  40 0008 012B     		cmp	r3, #1
  41 000a 03D1     		bne	.L2
  27:main.c        ****         cont=0;
  42              		.loc 1 27 0
  43 000c 0022     		movs	r2, #0
  44 000e 064B     		ldr	r3, .L5
  45 0010 1A70     		strb	r2, [r3]
  46 0012 02E0     		b	.L3
  47              	.L2:
  28:main.c        ****     }else{
  29:main.c        ****         cont=1;
  48              		.loc 1 29 0
  49 0014 0122     		movs	r2, #1
  50 0016 044B     		ldr	r3, .L5
  51 0018 1A70     		strb	r2, [r3]
  52              	.L3:
  30:main.c        ****     }
  31:main.c        ****     LEDS_Write(cont);
  53              		.loc 1 31 0
  54 001a 034B     		ldr	r3, .L5
  55 001c 1878     		ldrb	r0, [r3]	@ zero_extendqisi2
  56 001e FFF7FEFF 		bl	LEDS_Write
  57              	.LVL0:
  32:main.c        ****     SW_ClearInterrupt();  
  58              		.loc 1 32 0
  59 0022 FFF7FEFF 		bl	SW_ClearInterrupt
  60              	.LVL1:
  61 0026 08BD     		pop	{r3, pc}
  62              	.L6:
  63              		.align	2
  64              	.L5:
  65 0028 00000000 		.word	.LANCHOR0
  66              		.cfi_endproc
  67              	.LFE63:
  68              		.size	INT_SW, .-INT_SW
  69              		.global	__aeabi_i2f
  70              		.global	__aeabi_fmul
  71              		.global	__aeabi_fadd
  72              		.global	__aeabi_f2uiz
  73              		.section	.text.llegaMuestra,"ax",%progbits
  74              		.align	2
  75              		.global	llegaMuestra
  76              		.thumb
  77              		.thumb_func
  78              		.type	llegaMuestra, %function
  79              	llegaMuestra:
  80              	.LFB64:
  33:main.c        **** }
  34:main.c        **** 
ARM GAS  C:\Users\nikod\AppData\Local\Temp\cccM4KxJ.s 			page 3


  35:main.c        **** 
  36:main.c        **** CY_ISR(llegaMuestra)
  37:main.c        **** {   unsigned char y;
  81              		.loc 1 37 0
  82              		.cfi_startproc
  83              		@ args = 0, pretend = 0, frame = 0
  84              		@ frame_needed = 0, uses_anonymous_args = 0
  85 0000 38B5     		push	{r3, r4, r5, lr}
  86              		.cfi_def_cfa_offset 16
  87              		.cfi_offset 3, -16
  88              		.cfi_offset 4, -12
  89              		.cfi_offset 5, -8
  90              		.cfi_offset 14, -4
  38:main.c        ****     if(cont==0){
  91              		.loc 1 38 0
  92 0002 074B     		ldr	r3, .L11
  93 0004 1B78     		ldrb	r3, [r3]	@ zero_extendqisi2
  94 0006 13F0FF0F 		tst	r3, #255
  95 000a 0BD1     		bne	.L8
  39:main.c        ****         ADC_StartConvert();
  96              		.loc 1 39 0
  97 000c FFF7FEFF 		bl	ADC_StartConvert
  98              	.LVL2:
  40:main.c        ****         ADC_IsEndConversion(ADC_WAIT_FOR_RESULT);
  99              		.loc 1 40 0
 100 0010 0020     		movs	r0, #0
 101 0012 FFF7FEFF 		bl	ADC_IsEndConversion
 102              	.LVL3:
  41:main.c        ****         y = ADC_GetResult16();
 103              		.loc 1 41 0
 104 0016 FFF7FEFF 		bl	ADC_GetResult16
 105              	.LVL4:
 106 001a C0B2     		uxtb	r0, r0
 107              	.LVL5:
 108 001c 38E3     		b	.L9
 109              	.L12:
 110 001e 00BF     		.align	2
 111              	.L11:
 112 0020 00000000 		.word	.LANCHOR0
 113              	.LVL6:
 114              	.L8:
  42:main.c        ****     }else{
  43:main.c        ****     x[50] = x[49];
 115              		.loc 1 43 0
 116 0024 AF4C     		ldr	r4, .L13
 117 0026 B4F86230 		ldrh	r3, [r4, #98]
 118 002a A4F86430 		strh	r3, [r4, #100]	@ movhi
  44:main.c        ****     x[49] = x[48];
 119              		.loc 1 44 0
 120 002e B4F86030 		ldrh	r3, [r4, #96]
 121 0032 A4F86230 		strh	r3, [r4, #98]	@ movhi
  45:main.c        ****     x[48] = x[47];
 122              		.loc 1 45 0
 123 0036 B4F85E30 		ldrh	r3, [r4, #94]
 124 003a A4F86030 		strh	r3, [r4, #96]	@ movhi
  46:main.c        ****     x[47] = x[46];
 125              		.loc 1 46 0
ARM GAS  C:\Users\nikod\AppData\Local\Temp\cccM4KxJ.s 			page 4


 126 003e B4F85C30 		ldrh	r3, [r4, #92]
 127 0042 A4F85E30 		strh	r3, [r4, #94]	@ movhi
  47:main.c        ****     x[46] = x[45];
 128              		.loc 1 47 0
 129 0046 B4F85A30 		ldrh	r3, [r4, #90]
 130 004a A4F85C30 		strh	r3, [r4, #92]	@ movhi
  48:main.c        ****     x[45] = x[44];
 131              		.loc 1 48 0
 132 004e B4F85830 		ldrh	r3, [r4, #88]
 133 0052 A4F85A30 		strh	r3, [r4, #90]	@ movhi
  49:main.c        ****     x[44] = x[43];
 134              		.loc 1 49 0
 135 0056 B4F85630 		ldrh	r3, [r4, #86]
 136 005a A4F85830 		strh	r3, [r4, #88]	@ movhi
  50:main.c        ****     x[43] = x[42];
 137              		.loc 1 50 0
 138 005e B4F85430 		ldrh	r3, [r4, #84]
 139 0062 A4F85630 		strh	r3, [r4, #86]	@ movhi
  51:main.c        ****     x[42] = x[41];
 140              		.loc 1 51 0
 141 0066 B4F85230 		ldrh	r3, [r4, #82]
 142 006a A4F85430 		strh	r3, [r4, #84]	@ movhi
  52:main.c        ****     x[41] = x[40];
 143              		.loc 1 52 0
 144 006e B4F85030 		ldrh	r3, [r4, #80]
 145 0072 A4F85230 		strh	r3, [r4, #82]	@ movhi
  53:main.c        ****     x[40] = x[39];
 146              		.loc 1 53 0
 147 0076 B4F84E30 		ldrh	r3, [r4, #78]
 148 007a A4F85030 		strh	r3, [r4, #80]	@ movhi
  54:main.c        ****     x[39] = x[38];
 149              		.loc 1 54 0
 150 007e B4F84C30 		ldrh	r3, [r4, #76]
 151 0082 A4F84E30 		strh	r3, [r4, #78]	@ movhi
  55:main.c        ****     x[38] = x[37];
 152              		.loc 1 55 0
 153 0086 B4F84A30 		ldrh	r3, [r4, #74]
 154 008a A4F84C30 		strh	r3, [r4, #76]	@ movhi
  56:main.c        ****     x[37] = x[36];
 155              		.loc 1 56 0
 156 008e B4F84830 		ldrh	r3, [r4, #72]
 157 0092 A4F84A30 		strh	r3, [r4, #74]	@ movhi
  57:main.c        ****     x[36] = x[35];
 158              		.loc 1 57 0
 159 0096 B4F84630 		ldrh	r3, [r4, #70]
 160 009a A4F84830 		strh	r3, [r4, #72]	@ movhi
  58:main.c        ****     x[35] = x[34];
 161              		.loc 1 58 0
 162 009e B4F84430 		ldrh	r3, [r4, #68]
 163 00a2 A4F84630 		strh	r3, [r4, #70]	@ movhi
  59:main.c        ****     x[34] = x[33];
 164              		.loc 1 59 0
 165 00a6 B4F84230 		ldrh	r3, [r4, #66]
 166 00aa A4F84430 		strh	r3, [r4, #68]	@ movhi
  60:main.c        ****     x[33] = x[32];
 167              		.loc 1 60 0
 168 00ae B4F84030 		ldrh	r3, [r4, #64]
ARM GAS  C:\Users\nikod\AppData\Local\Temp\cccM4KxJ.s 			page 5


 169 00b2 A4F84230 		strh	r3, [r4, #66]	@ movhi
  61:main.c        ****     x[32] = x[31];
 170              		.loc 1 61 0
 171 00b6 E38F     		ldrh	r3, [r4, #62]
 172 00b8 A4F84030 		strh	r3, [r4, #64]	@ movhi
  62:main.c        ****     x[31] = x[30];
 173              		.loc 1 62 0
 174 00bc A38F     		ldrh	r3, [r4, #60]
 175 00be E387     		strh	r3, [r4, #62]	@ movhi
  63:main.c        ****     x[30] = x[29];
 176              		.loc 1 63 0
 177 00c0 638F     		ldrh	r3, [r4, #58]
 178 00c2 A387     		strh	r3, [r4, #60]	@ movhi
  64:main.c        ****     x[29] = x[28];
 179              		.loc 1 64 0
 180 00c4 238F     		ldrh	r3, [r4, #56]
 181 00c6 6387     		strh	r3, [r4, #58]	@ movhi
  65:main.c        ****     x[28] = x[27];
 182              		.loc 1 65 0
 183 00c8 E38E     		ldrh	r3, [r4, #54]
 184 00ca 2387     		strh	r3, [r4, #56]	@ movhi
  66:main.c        ****     x[27] = x[26];
 185              		.loc 1 66 0
 186 00cc A38E     		ldrh	r3, [r4, #52]
 187 00ce E386     		strh	r3, [r4, #54]	@ movhi
  67:main.c        ****     x[26] = x[25];
 188              		.loc 1 67 0
 189 00d0 638E     		ldrh	r3, [r4, #50]
 190 00d2 A386     		strh	r3, [r4, #52]	@ movhi
  68:main.c        ****     x[25] = x[24];
 191              		.loc 1 68 0
 192 00d4 238E     		ldrh	r3, [r4, #48]
 193 00d6 6386     		strh	r3, [r4, #50]	@ movhi
  69:main.c        ****     x[24] = x[23];
 194              		.loc 1 69 0
 195 00d8 E38D     		ldrh	r3, [r4, #46]
 196 00da 2386     		strh	r3, [r4, #48]	@ movhi
  70:main.c        ****     x[23] = x[22];
 197              		.loc 1 70 0
 198 00dc A38D     		ldrh	r3, [r4, #44]
 199 00de E385     		strh	r3, [r4, #46]	@ movhi
  71:main.c        ****     x[22] = x[21];
 200              		.loc 1 71 0
 201 00e0 638D     		ldrh	r3, [r4, #42]
 202 00e2 A385     		strh	r3, [r4, #44]	@ movhi
  72:main.c        ****     x[21] = x[20];
 203              		.loc 1 72 0
 204 00e4 238D     		ldrh	r3, [r4, #40]
 205 00e6 6385     		strh	r3, [r4, #42]	@ movhi
  73:main.c        ****     x[20] = x[19];
 206              		.loc 1 73 0
 207 00e8 E38C     		ldrh	r3, [r4, #38]
 208 00ea 2385     		strh	r3, [r4, #40]	@ movhi
  74:main.c        ****     x[19] = x[18];
 209              		.loc 1 74 0
 210 00ec A38C     		ldrh	r3, [r4, #36]
 211 00ee E384     		strh	r3, [r4, #38]	@ movhi
ARM GAS  C:\Users\nikod\AppData\Local\Temp\cccM4KxJ.s 			page 6


  75:main.c        ****     x[18] = x[17];
 212              		.loc 1 75 0
 213 00f0 638C     		ldrh	r3, [r4, #34]
 214 00f2 A384     		strh	r3, [r4, #36]	@ movhi
  76:main.c        ****     x[17] = x[16];
 215              		.loc 1 76 0
 216 00f4 238C     		ldrh	r3, [r4, #32]
 217 00f6 6384     		strh	r3, [r4, #34]	@ movhi
  77:main.c        ****     x[16] = x[15];
 218              		.loc 1 77 0
 219 00f8 E38B     		ldrh	r3, [r4, #30]
 220 00fa 2384     		strh	r3, [r4, #32]	@ movhi
  78:main.c        ****     x[15] = x[14];
 221              		.loc 1 78 0
 222 00fc A38B     		ldrh	r3, [r4, #28]
 223 00fe E383     		strh	r3, [r4, #30]	@ movhi
  79:main.c        ****     x[14] = x[13];
 224              		.loc 1 79 0
 225 0100 638B     		ldrh	r3, [r4, #26]
 226 0102 A383     		strh	r3, [r4, #28]	@ movhi
  80:main.c        ****     x[13] = x[12];
 227              		.loc 1 80 0
 228 0104 238B     		ldrh	r3, [r4, #24]
 229 0106 6383     		strh	r3, [r4, #26]	@ movhi
  81:main.c        ****     x[12] = x[11];
 230              		.loc 1 81 0
 231 0108 E38A     		ldrh	r3, [r4, #22]
 232 010a 2383     		strh	r3, [r4, #24]	@ movhi
  82:main.c        ****     x[11] = x[10];
 233              		.loc 1 82 0
 234 010c A38A     		ldrh	r3, [r4, #20]
 235 010e E382     		strh	r3, [r4, #22]	@ movhi
  83:main.c        ****     x[10] = x[9];
 236              		.loc 1 83 0
 237 0110 638A     		ldrh	r3, [r4, #18]
 238 0112 A382     		strh	r3, [r4, #20]	@ movhi
  84:main.c        ****     x[9] = x[8];
 239              		.loc 1 84 0
 240 0114 238A     		ldrh	r3, [r4, #16]
 241 0116 6382     		strh	r3, [r4, #18]	@ movhi
  85:main.c        ****     x[8] = x[7];
 242              		.loc 1 85 0
 243 0118 E389     		ldrh	r3, [r4, #14]
 244 011a 2382     		strh	r3, [r4, #16]	@ movhi
  86:main.c        ****     x[7] = x[6];
 245              		.loc 1 86 0
 246 011c A389     		ldrh	r3, [r4, #12]
 247 011e E381     		strh	r3, [r4, #14]	@ movhi
  87:main.c        ****     x[6] = x[5];
 248              		.loc 1 87 0
 249 0120 6389     		ldrh	r3, [r4, #10]
 250 0122 A381     		strh	r3, [r4, #12]	@ movhi
  88:main.c        ****     x[5] = x[4];
 251              		.loc 1 88 0
 252 0124 2389     		ldrh	r3, [r4, #8]
 253 0126 6381     		strh	r3, [r4, #10]	@ movhi
  89:main.c        ****     x[4] = x[3];
ARM GAS  C:\Users\nikod\AppData\Local\Temp\cccM4KxJ.s 			page 7


 254              		.loc 1 89 0
 255 0128 E388     		ldrh	r3, [r4, #6]
 256 012a 2381     		strh	r3, [r4, #8]	@ movhi
  90:main.c        ****     x[3] = x[2];
 257              		.loc 1 90 0
 258 012c A388     		ldrh	r3, [r4, #4]
 259 012e E380     		strh	r3, [r4, #6]	@ movhi
  91:main.c        ****     x[2] = x[1];
 260              		.loc 1 91 0
 261 0130 6388     		ldrh	r3, [r4, #2]
 262 0132 A380     		strh	r3, [r4, #4]	@ movhi
  92:main.c        ****     x[1] = x[0];  
 263              		.loc 1 92 0
 264 0134 2388     		ldrh	r3, [r4]
 265 0136 6380     		strh	r3, [r4, #2]	@ movhi
  93:main.c        ****     ADC_StartConvert();
 266              		.loc 1 93 0
 267 0138 FFF7FEFF 		bl	ADC_StartConvert
 268              	.LVL7:
  94:main.c        ****     ADC_IsEndConversion(ADC_WAIT_FOR_RESULT);
 269              		.loc 1 94 0
 270 013c 0020     		movs	r0, #0
 271 013e FFF7FEFF 		bl	ADC_IsEndConversion
 272              	.LVL8:
  95:main.c        ****     x[0] = ADC_GetResult16();
 273              		.loc 1 95 0
 274 0142 FFF7FEFF 		bl	ADC_GetResult16
 275              	.LVL9:
 276 0146 80B2     		uxth	r0, r0
 277 0148 2080     		strh	r0, [r4]	@ movhi
  96:main.c        ****     y = (x[0]*h[0]+x[1]*h[1]+x[2]*h[2]+x[3]*h[3]+x[4]*h[4]+x[5]*h[5]+x[6]*h[6]+x[7]*h[7]+x[8]*h[8]+
 278              		.loc 1 96 0
 279 014a FFF7FEFF 		bl	__aeabi_i2f
 280              	.LVL10:
 281 014e 6649     		ldr	r1, .L13+4
 282 0150 FFF7FEFF 		bl	__aeabi_fmul
 283              	.LVL11:
 284 0154 0546     		mov	r5, r0
 285 0156 6088     		ldrh	r0, [r4, #2]
 286 0158 FFF7FEFF 		bl	__aeabi_i2f
 287              	.LVL12:
 288 015c 6349     		ldr	r1, .L13+8
 289 015e FFF7FEFF 		bl	__aeabi_fmul
 290              	.LVL13:
 291 0162 0146     		mov	r1, r0
 292 0164 2846     		mov	r0, r5
 293 0166 FFF7FEFF 		bl	__aeabi_fadd
 294              	.LVL14:
 295 016a 0546     		mov	r5, r0
 296 016c A088     		ldrh	r0, [r4, #4]
 297 016e FFF7FEFF 		bl	__aeabi_i2f
 298              	.LVL15:
 299 0172 5F49     		ldr	r1, .L13+12
 300 0174 FFF7FEFF 		bl	__aeabi_fmul
 301              	.LVL16:
 302 0178 0146     		mov	r1, r0
 303 017a 2846     		mov	r0, r5
ARM GAS  C:\Users\nikod\AppData\Local\Temp\cccM4KxJ.s 			page 8


 304 017c FFF7FEFF 		bl	__aeabi_fadd
 305              	.LVL17:
 306 0180 0546     		mov	r5, r0
 307 0182 E088     		ldrh	r0, [r4, #6]
 308 0184 FFF7FEFF 		bl	__aeabi_i2f
 309              	.LVL18:
 310 0188 5A49     		ldr	r1, .L13+16
 311 018a FFF7FEFF 		bl	__aeabi_fmul
 312              	.LVL19:
 313 018e 0146     		mov	r1, r0
 314 0190 2846     		mov	r0, r5
 315 0192 FFF7FEFF 		bl	__aeabi_fadd
 316              	.LVL20:
 317 0196 0546     		mov	r5, r0
 318 0198 2089     		ldrh	r0, [r4, #8]
 319 019a FFF7FEFF 		bl	__aeabi_i2f
 320              	.LVL21:
 321 019e 5549     		ldr	r1, .L13+16
 322 01a0 FFF7FEFF 		bl	__aeabi_fmul
 323              	.LVL22:
 324 01a4 0146     		mov	r1, r0
 325 01a6 2846     		mov	r0, r5
 326 01a8 FFF7FEFF 		bl	__aeabi_fadd
 327              	.LVL23:
 328 01ac 0546     		mov	r5, r0
 329 01ae 6089     		ldrh	r0, [r4, #10]
 330 01b0 FFF7FEFF 		bl	__aeabi_i2f
 331              	.LVL24:
 332 01b4 5049     		ldr	r1, .L13+20
 333 01b6 FFF7FEFF 		bl	__aeabi_fmul
 334              	.LVL25:
 335 01ba 0146     		mov	r1, r0
 336 01bc 2846     		mov	r0, r5
 337 01be FFF7FEFF 		bl	__aeabi_fadd
 338              	.LVL26:
 339 01c2 0546     		mov	r5, r0
 340 01c4 A089     		ldrh	r0, [r4, #12]
 341 01c6 FFF7FEFF 		bl	__aeabi_i2f
 342              	.LVL27:
 343 01ca 4C49     		ldr	r1, .L13+24
 344 01cc FFF7FEFF 		bl	__aeabi_fmul
 345              	.LVL28:
 346 01d0 0146     		mov	r1, r0
 347 01d2 2846     		mov	r0, r5
 348 01d4 FFF7FEFF 		bl	__aeabi_fadd
 349              	.LVL29:
 350 01d8 0546     		mov	r5, r0
 351 01da E089     		ldrh	r0, [r4, #14]
 352 01dc FFF7FEFF 		bl	__aeabi_i2f
 353              	.LVL30:
 354 01e0 4749     		ldr	r1, .L13+28
 355 01e2 FFF7FEFF 		bl	__aeabi_fmul
 356              	.LVL31:
 357 01e6 0146     		mov	r1, r0
 358 01e8 2846     		mov	r0, r5
 359 01ea FFF7FEFF 		bl	__aeabi_fadd
 360              	.LVL32:
ARM GAS  C:\Users\nikod\AppData\Local\Temp\cccM4KxJ.s 			page 9


 361 01ee 0546     		mov	r5, r0
 362 01f0 208A     		ldrh	r0, [r4, #16]
 363 01f2 FFF7FEFF 		bl	__aeabi_i2f
 364              	.LVL33:
 365 01f6 4349     		ldr	r1, .L13+32
 366 01f8 FFF7FEFF 		bl	__aeabi_fmul
 367              	.LVL34:
 368 01fc 0146     		mov	r1, r0
 369 01fe 2846     		mov	r0, r5
 370 0200 FFF7FEFF 		bl	__aeabi_fadd
 371              	.LVL35:
 372 0204 0546     		mov	r5, r0
 373 0206 608A     		ldrh	r0, [r4, #18]
 374 0208 FFF7FEFF 		bl	__aeabi_i2f
 375              	.LVL36:
 376 020c 3E49     		ldr	r1, .L13+36
 377 020e FFF7FEFF 		bl	__aeabi_fmul
 378              	.LVL37:
 379 0212 0146     		mov	r1, r0
 380 0214 2846     		mov	r0, r5
 381 0216 FFF7FEFF 		bl	__aeabi_fadd
 382              	.LVL38:
 383 021a 0546     		mov	r5, r0
 384 021c A08A     		ldrh	r0, [r4, #20]
 385 021e FFF7FEFF 		bl	__aeabi_i2f
 386              	.LVL39:
 387 0222 3A49     		ldr	r1, .L13+40
 388 0224 FFF7FEFF 		bl	__aeabi_fmul
 389              	.LVL40:
 390 0228 0146     		mov	r1, r0
 391 022a 2846     		mov	r0, r5
 392 022c FFF7FEFF 		bl	__aeabi_fadd
 393              	.LVL41:
 394 0230 0546     		mov	r5, r0
 395 0232 E08A     		ldrh	r0, [r4, #22]
 396 0234 FFF7FEFF 		bl	__aeabi_i2f
 397              	.LVL42:
 398 0238 3549     		ldr	r1, .L13+44
 399 023a FFF7FEFF 		bl	__aeabi_fmul
 400              	.LVL43:
 401 023e 0146     		mov	r1, r0
 402 0240 2846     		mov	r0, r5
 403 0242 FFF7FEFF 		bl	__aeabi_fadd
 404              	.LVL44:
 405 0246 0546     		mov	r5, r0
 406 0248 208B     		ldrh	r0, [r4, #24]
 407 024a FFF7FEFF 		bl	__aeabi_i2f
 408              	.LVL45:
 409 024e 3149     		ldr	r1, .L13+48
 410 0250 FFF7FEFF 		bl	__aeabi_fmul
 411              	.LVL46:
 412 0254 0146     		mov	r1, r0
 413 0256 2846     		mov	r0, r5
 414 0258 FFF7FEFF 		bl	__aeabi_fadd
 415              	.LVL47:
 416 025c 0546     		mov	r5, r0
 417 025e 608B     		ldrh	r0, [r4, #26]
ARM GAS  C:\Users\nikod\AppData\Local\Temp\cccM4KxJ.s 			page 10


 418 0260 FFF7FEFF 		bl	__aeabi_i2f
 419              	.LVL48:
 420 0264 2C49     		ldr	r1, .L13+52
 421 0266 FFF7FEFF 		bl	__aeabi_fmul
 422              	.LVL49:
 423 026a 0146     		mov	r1, r0
 424 026c 2846     		mov	r0, r5
 425 026e FFF7FEFF 		bl	__aeabi_fadd
 426              	.LVL50:
 427 0272 0546     		mov	r5, r0
 428 0274 A08B     		ldrh	r0, [r4, #28]
 429 0276 FFF7FEFF 		bl	__aeabi_i2f
 430              	.LVL51:
 431 027a 2849     		ldr	r1, .L13+56
 432 027c FFF7FEFF 		bl	__aeabi_fmul
 433              	.LVL52:
 434 0280 0146     		mov	r1, r0
 435 0282 2846     		mov	r0, r5
 436 0284 FFF7FEFF 		bl	__aeabi_fadd
 437              	.LVL53:
 438 0288 0546     		mov	r5, r0
 439 028a E08B     		ldrh	r0, [r4, #30]
 440 028c FFF7FEFF 		bl	__aeabi_i2f
 441              	.LVL54:
 442 0290 2349     		ldr	r1, .L13+60
 443 0292 FFF7FEFF 		bl	__aeabi_fmul
 444              	.LVL55:
 445 0296 0146     		mov	r1, r0
 446 0298 2846     		mov	r0, r5
 447 029a FFF7FEFF 		bl	__aeabi_fadd
 448              	.LVL56:
 449 029e 0546     		mov	r5, r0
 450 02a0 208C     		ldrh	r0, [r4, #32]
 451 02a2 FFF7FEFF 		bl	__aeabi_i2f
 452              	.LVL57:
 453 02a6 1F49     		ldr	r1, .L13+64
 454 02a8 FFF7FEFF 		bl	__aeabi_fmul
 455              	.LVL58:
 456 02ac 0146     		mov	r1, r0
 457 02ae 2846     		mov	r0, r5
 458 02b0 FFF7FEFF 		bl	__aeabi_fadd
 459              	.LVL59:
 460 02b4 0546     		mov	r5, r0
 461 02b6 608C     		ldrh	r0, [r4, #34]
 462 02b8 FFF7FEFF 		bl	__aeabi_i2f
 463              	.LVL60:
 464 02bc 1A49     		ldr	r1, .L13+68
 465 02be FFF7FEFF 		bl	__aeabi_fmul
 466              	.LVL61:
 467 02c2 0146     		mov	r1, r0
 468 02c4 2846     		mov	r0, r5
 469 02c6 FFF7FEFF 		bl	__aeabi_fadd
 470              	.LVL62:
 471 02ca 0546     		mov	r5, r0
 472 02cc A08C     		ldrh	r0, [r4, #36]
 473 02ce FFF7FEFF 		bl	__aeabi_i2f
 474              	.LVL63:
ARM GAS  C:\Users\nikod\AppData\Local\Temp\cccM4KxJ.s 			page 11


 475 02d2 1649     		ldr	r1, .L13+72
 476 02d4 FFF7FEFF 		bl	__aeabi_fmul
 477              	.LVL64:
 478 02d8 0146     		mov	r1, r0
 479 02da 2846     		mov	r0, r5
 480 02dc FFF7FEFF 		bl	__aeabi_fadd
 481              	.LVL65:
 482 02e0 26E0     		b	.L14
 483              	.L15:
 484 02e2 00BF     		.align	2
 485              	.L13:
 486 02e4 00000000 		.word	x
 487 02e8 17B7D13A 		.word	986822423
 488 02ec 6C09F93A 		.word	989399404
 489 02f0 99BB163B 		.word	991345561
 490 02f4 C3642A3B 		.word	992634051
 491 02f8 6F12033B 		.word	990057071
 492 02fc 52491D3A 		.word	974997842
 493 0300 E02D10BB 		.word	-1156567584
 494 0304 3B70CEBB 		.word	-1144098757
 495 0308 CA5441BC 		.word	-1136569142
 496 030c 508D97BC 		.word	-1130918576
 497 0310 CE88D2BC 		.word	-1127053106
 498 0314 948705BD 		.word	-1123711084
 499 0318 E3A51BBD 		.word	-1122261533
 500 031c C28627BD 		.word	-1121483070
 501 0320 9D1125BD 		.word	-1121644131
 502 0324 97FF10BD 		.word	-1122959465
 503 0328 ABCFD5BC 		.word	-1126838357
 504 032c CDCC4CBC 		.word	-1135817523
 505              	.L14:
 506 0330 0546     		mov	r5, r0
 507 0332 E08C     		ldrh	r0, [r4, #38]
 508 0334 FFF7FEFF 		bl	__aeabi_i2f
 509              	.LVL66:
 510 0338 B849     		ldr	r1, .L16
 511 033a FFF7FEFF 		bl	__aeabi_fmul
 512              	.LVL67:
 513 033e 0146     		mov	r1, r0
 514 0340 2846     		mov	r0, r5
 515 0342 FFF7FEFF 		bl	__aeabi_fadd
 516              	.LVL68:
 517 0346 0546     		mov	r5, r0
 518 0348 208D     		ldrh	r0, [r4, #40]
 519 034a FFF7FEFF 		bl	__aeabi_i2f
 520              	.LVL69:
 521 034e B449     		ldr	r1, .L16+4
 522 0350 FFF7FEFF 		bl	__aeabi_fmul
 523              	.LVL70:
 524 0354 0146     		mov	r1, r0
 525 0356 2846     		mov	r0, r5
 526 0358 FFF7FEFF 		bl	__aeabi_fadd
 527              	.LVL71:
 528 035c 0546     		mov	r5, r0
 529 035e 608D     		ldrh	r0, [r4, #42]
 530 0360 FFF7FEFF 		bl	__aeabi_i2f
 531              	.LVL72:
ARM GAS  C:\Users\nikod\AppData\Local\Temp\cccM4KxJ.s 			page 12


 532 0364 AF49     		ldr	r1, .L16+8
 533 0366 FFF7FEFF 		bl	__aeabi_fmul
 534              	.LVL73:
 535 036a 0146     		mov	r1, r0
 536 036c 2846     		mov	r0, r5
 537 036e FFF7FEFF 		bl	__aeabi_fadd
 538              	.LVL74:
 539 0372 0546     		mov	r5, r0
 540 0374 A08D     		ldrh	r0, [r4, #44]
 541 0376 FFF7FEFF 		bl	__aeabi_i2f
 542              	.LVL75:
 543 037a AB49     		ldr	r1, .L16+12
 544 037c FFF7FEFF 		bl	__aeabi_fmul
 545              	.LVL76:
 546 0380 0146     		mov	r1, r0
 547 0382 2846     		mov	r0, r5
 548 0384 FFF7FEFF 		bl	__aeabi_fadd
 549              	.LVL77:
 550 0388 0546     		mov	r5, r0
 551 038a E08D     		ldrh	r0, [r4, #46]
 552 038c FFF7FEFF 		bl	__aeabi_i2f
 553              	.LVL78:
 554 0390 A649     		ldr	r1, .L16+16
 555 0392 FFF7FEFF 		bl	__aeabi_fmul
 556              	.LVL79:
 557 0396 0146     		mov	r1, r0
 558 0398 2846     		mov	r0, r5
 559 039a FFF7FEFF 		bl	__aeabi_fadd
 560              	.LVL80:
 561 039e 0546     		mov	r5, r0
 562 03a0 208E     		ldrh	r0, [r4, #48]
 563 03a2 FFF7FEFF 		bl	__aeabi_i2f
 564              	.LVL81:
 565 03a6 A249     		ldr	r1, .L16+20
 566 03a8 FFF7FEFF 		bl	__aeabi_fmul
 567              	.LVL82:
 568 03ac 0146     		mov	r1, r0
 569 03ae 2846     		mov	r0, r5
 570 03b0 FFF7FEFF 		bl	__aeabi_fadd
 571              	.LVL83:
 572 03b4 0546     		mov	r5, r0
 573 03b6 608E     		ldrh	r0, [r4, #50]
 574 03b8 FFF7FEFF 		bl	__aeabi_i2f
 575              	.LVL84:
 576 03bc 9D49     		ldr	r1, .L16+24
 577 03be FFF7FEFF 		bl	__aeabi_fmul
 578              	.LVL85:
 579 03c2 0146     		mov	r1, r0
 580 03c4 2846     		mov	r0, r5
 581 03c6 FFF7FEFF 		bl	__aeabi_fadd
 582              	.LVL86:
 583 03ca 0546     		mov	r5, r0
 584 03cc A08E     		ldrh	r0, [r4, #52]
 585 03ce FFF7FEFF 		bl	__aeabi_i2f
 586              	.LVL87:
 587 03d2 9749     		ldr	r1, .L16+20
 588 03d4 FFF7FEFF 		bl	__aeabi_fmul
ARM GAS  C:\Users\nikod\AppData\Local\Temp\cccM4KxJ.s 			page 13


 589              	.LVL88:
 590 03d8 0146     		mov	r1, r0
 591 03da 2846     		mov	r0, r5
 592 03dc FFF7FEFF 		bl	__aeabi_fadd
 593              	.LVL89:
 594 03e0 0546     		mov	r5, r0
 595 03e2 E08E     		ldrh	r0, [r4, #54]
 596 03e4 FFF7FEFF 		bl	__aeabi_i2f
 597              	.LVL90:
 598 03e8 9049     		ldr	r1, .L16+16
 599 03ea FFF7FEFF 		bl	__aeabi_fmul
 600              	.LVL91:
 601 03ee 0146     		mov	r1, r0
 602 03f0 2846     		mov	r0, r5
 603 03f2 FFF7FEFF 		bl	__aeabi_fadd
 604              	.LVL92:
 605 03f6 0546     		mov	r5, r0
 606 03f8 208F     		ldrh	r0, [r4, #56]
 607 03fa FFF7FEFF 		bl	__aeabi_i2f
 608              	.LVL93:
 609 03fe 8A49     		ldr	r1, .L16+12
 610 0400 FFF7FEFF 		bl	__aeabi_fmul
 611              	.LVL94:
 612 0404 0146     		mov	r1, r0
 613 0406 2846     		mov	r0, r5
 614 0408 FFF7FEFF 		bl	__aeabi_fadd
 615              	.LVL95:
 616 040c 0546     		mov	r5, r0
 617 040e 608F     		ldrh	r0, [r4, #58]
 618 0410 FFF7FEFF 		bl	__aeabi_i2f
 619              	.LVL96:
 620 0414 8349     		ldr	r1, .L16+8
 621 0416 FFF7FEFF 		bl	__aeabi_fmul
 622              	.LVL97:
 623 041a 0146     		mov	r1, r0
 624 041c 2846     		mov	r0, r5
 625 041e FFF7FEFF 		bl	__aeabi_fadd
 626              	.LVL98:
 627 0422 0546     		mov	r5, r0
 628 0424 A08F     		ldrh	r0, [r4, #60]
 629 0426 FFF7FEFF 		bl	__aeabi_i2f
 630              	.LVL99:
 631 042a 7D49     		ldr	r1, .L16+4
 632 042c FFF7FEFF 		bl	__aeabi_fmul
 633              	.LVL100:
 634 0430 0146     		mov	r1, r0
 635 0432 2846     		mov	r0, r5
 636 0434 FFF7FEFF 		bl	__aeabi_fadd
 637              	.LVL101:
 638 0438 0546     		mov	r5, r0
 639 043a E08F     		ldrh	r0, [r4, #62]
 640 043c FFF7FEFF 		bl	__aeabi_i2f
 641              	.LVL102:
 642 0440 7649     		ldr	r1, .L16
 643 0442 FFF7FEFF 		bl	__aeabi_fmul
 644              	.LVL103:
 645 0446 0146     		mov	r1, r0
ARM GAS  C:\Users\nikod\AppData\Local\Temp\cccM4KxJ.s 			page 14


 646 0448 2846     		mov	r0, r5
 647 044a FFF7FEFF 		bl	__aeabi_fadd
 648              	.LVL104:
 649 044e 0546     		mov	r5, r0
 650 0450 B4F84000 		ldrh	r0, [r4, #64]
 651 0454 FFF7FEFF 		bl	__aeabi_i2f
 652              	.LVL105:
 653 0458 7749     		ldr	r1, .L16+28
 654 045a FFF7FEFF 		bl	__aeabi_fmul
 655              	.LVL106:
 656 045e 0146     		mov	r1, r0
 657 0460 2846     		mov	r0, r5
 658 0462 FFF7FEFF 		bl	__aeabi_fadd
 659              	.LVL107:
 660 0466 0546     		mov	r5, r0
 661 0468 B4F84200 		ldrh	r0, [r4, #66]
 662 046c FFF7FEFF 		bl	__aeabi_i2f
 663              	.LVL108:
 664 0470 7249     		ldr	r1, .L16+32
 665 0472 FFF7FEFF 		bl	__aeabi_fmul
 666              	.LVL109:
 667 0476 0146     		mov	r1, r0
 668 0478 2846     		mov	r0, r5
 669 047a FFF7FEFF 		bl	__aeabi_fadd
 670              	.LVL110:
 671 047e 0546     		mov	r5, r0
 672 0480 B4F84400 		ldrh	r0, [r4, #68]
 673 0484 FFF7FEFF 		bl	__aeabi_i2f
 674              	.LVL111:
 675 0488 6D49     		ldr	r1, .L16+36
 676 048a FFF7FEFF 		bl	__aeabi_fmul
 677              	.LVL112:
 678 048e 0146     		mov	r1, r0
 679 0490 2846     		mov	r0, r5
 680 0492 FFF7FEFF 		bl	__aeabi_fadd
 681              	.LVL113:
 682 0496 0546     		mov	r5, r0
 683 0498 B4F84600 		ldrh	r0, [r4, #70]
 684 049c FFF7FEFF 		bl	__aeabi_i2f
 685              	.LVL114:
 686 04a0 6849     		ldr	r1, .L16+40
 687 04a2 FFF7FEFF 		bl	__aeabi_fmul
 688              	.LVL115:
 689 04a6 0146     		mov	r1, r0
 690 04a8 2846     		mov	r0, r5
 691 04aa FFF7FEFF 		bl	__aeabi_fadd
 692              	.LVL116:
 693 04ae 0546     		mov	r5, r0
 694 04b0 B4F84800 		ldrh	r0, [r4, #72]
 695 04b4 FFF7FEFF 		bl	__aeabi_i2f
 696              	.LVL117:
 697 04b8 6349     		ldr	r1, .L16+44
 698 04ba FFF7FEFF 		bl	__aeabi_fmul
 699              	.LVL118:
 700 04be 0146     		mov	r1, r0
 701 04c0 2846     		mov	r0, r5
 702 04c2 FFF7FEFF 		bl	__aeabi_fadd
ARM GAS  C:\Users\nikod\AppData\Local\Temp\cccM4KxJ.s 			page 15


 703              	.LVL119:
 704 04c6 0546     		mov	r5, r0
 705 04c8 B4F84A00 		ldrh	r0, [r4, #74]
 706 04cc FFF7FEFF 		bl	__aeabi_i2f
 707              	.LVL120:
 708 04d0 5E49     		ldr	r1, .L16+48
 709 04d2 FFF7FEFF 		bl	__aeabi_fmul
 710              	.LVL121:
 711 04d6 0146     		mov	r1, r0
 712 04d8 2846     		mov	r0, r5
 713 04da FFF7FEFF 		bl	__aeabi_fadd
 714              	.LVL122:
 715 04de 0546     		mov	r5, r0
 716 04e0 B4F84C00 		ldrh	r0, [r4, #76]
 717 04e4 FFF7FEFF 		bl	__aeabi_i2f
 718              	.LVL123:
 719 04e8 5949     		ldr	r1, .L16+52
 720 04ea FFF7FEFF 		bl	__aeabi_fmul
 721              	.LVL124:
 722 04ee 0146     		mov	r1, r0
 723 04f0 2846     		mov	r0, r5
 724 04f2 FFF7FEFF 		bl	__aeabi_fadd
 725              	.LVL125:
 726 04f6 0546     		mov	r5, r0
 727 04f8 B4F84E00 		ldrh	r0, [r4, #78]
 728 04fc FFF7FEFF 		bl	__aeabi_i2f
 729              	.LVL126:
 730 0500 5449     		ldr	r1, .L16+56
 731 0502 FFF7FEFF 		bl	__aeabi_fmul
 732              	.LVL127:
 733 0506 0146     		mov	r1, r0
 734 0508 2846     		mov	r0, r5
 735 050a FFF7FEFF 		bl	__aeabi_fadd
 736              	.LVL128:
 737 050e 0546     		mov	r5, r0
 738 0510 B4F85000 		ldrh	r0, [r4, #80]
 739 0514 FFF7FEFF 		bl	__aeabi_i2f
 740              	.LVL129:
 741 0518 4F49     		ldr	r1, .L16+60
 742 051a FFF7FEFF 		bl	__aeabi_fmul
 743              	.LVL130:
 744 051e 0146     		mov	r1, r0
 745 0520 2846     		mov	r0, r5
 746 0522 FFF7FEFF 		bl	__aeabi_fadd
 747              	.LVL131:
 748 0526 0546     		mov	r5, r0
 749 0528 B4F85200 		ldrh	r0, [r4, #82]
 750 052c FFF7FEFF 		bl	__aeabi_i2f
 751              	.LVL132:
 752 0530 4A49     		ldr	r1, .L16+64
 753 0532 FFF7FEFF 		bl	__aeabi_fmul
 754              	.LVL133:
 755 0536 0146     		mov	r1, r0
 756 0538 2846     		mov	r0, r5
 757 053a FFF7FEFF 		bl	__aeabi_fadd
 758              	.LVL134:
 759 053e 0546     		mov	r5, r0
ARM GAS  C:\Users\nikod\AppData\Local\Temp\cccM4KxJ.s 			page 16


 760 0540 B4F85400 		ldrh	r0, [r4, #84]
 761 0544 FFF7FEFF 		bl	__aeabi_i2f
 762              	.LVL135:
 763 0548 4549     		ldr	r1, .L16+68
 764 054a FFF7FEFF 		bl	__aeabi_fmul
 765              	.LVL136:
 766 054e 0146     		mov	r1, r0
 767 0550 2846     		mov	r0, r5
 768 0552 FFF7FEFF 		bl	__aeabi_fadd
 769              	.LVL137:
 770 0556 0546     		mov	r5, r0
 771 0558 B4F85600 		ldrh	r0, [r4, #86]
 772 055c FFF7FEFF 		bl	__aeabi_i2f
 773              	.LVL138:
 774 0560 4049     		ldr	r1, .L16+72
 775 0562 FFF7FEFF 		bl	__aeabi_fmul
 776              	.LVL139:
 777 0566 0146     		mov	r1, r0
 778 0568 2846     		mov	r0, r5
 779 056a FFF7FEFF 		bl	__aeabi_fadd
 780              	.LVL140:
 781 056e 0546     		mov	r5, r0
 782 0570 B4F85800 		ldrh	r0, [r4, #88]
 783 0574 FFF7FEFF 		bl	__aeabi_i2f
 784              	.LVL141:
 785 0578 3B49     		ldr	r1, .L16+76
 786 057a FFF7FEFF 		bl	__aeabi_fmul
 787              	.LVL142:
 788 057e 0146     		mov	r1, r0
 789 0580 2846     		mov	r0, r5
 790 0582 FFF7FEFF 		bl	__aeabi_fadd
 791              	.LVL143:
 792 0586 0546     		mov	r5, r0
 793 0588 B4F85A00 		ldrh	r0, [r4, #90]
 794 058c FFF7FEFF 		bl	__aeabi_i2f
 795              	.LVL144:
 796 0590 3649     		ldr	r1, .L16+80
 797 0592 FFF7FEFF 		bl	__aeabi_fmul
 798              	.LVL145:
 799 0596 0146     		mov	r1, r0
 800 0598 2846     		mov	r0, r5
 801 059a FFF7FEFF 		bl	__aeabi_fadd
 802              	.LVL146:
 803 059e 0546     		mov	r5, r0
 804 05a0 B4F85C00 		ldrh	r0, [r4, #92]
 805 05a4 FFF7FEFF 		bl	__aeabi_i2f
 806              	.LVL147:
 807 05a8 3149     		ldr	r1, .L16+84
 808 05aa FFF7FEFF 		bl	__aeabi_fmul
 809              	.LVL148:
 810 05ae 0146     		mov	r1, r0
 811 05b0 2846     		mov	r0, r5
 812 05b2 FFF7FEFF 		bl	__aeabi_fadd
 813              	.LVL149:
 814 05b6 0546     		mov	r5, r0
 815 05b8 B4F85E00 		ldrh	r0, [r4, #94]
 816 05bc FFF7FEFF 		bl	__aeabi_i2f
ARM GAS  C:\Users\nikod\AppData\Local\Temp\cccM4KxJ.s 			page 17


 817              	.LVL150:
 818 05c0 2B49     		ldr	r1, .L16+84
 819 05c2 FFF7FEFF 		bl	__aeabi_fmul
 820              	.LVL151:
 821 05c6 0146     		mov	r1, r0
 822 05c8 2846     		mov	r0, r5
 823 05ca FFF7FEFF 		bl	__aeabi_fadd
 824              	.LVL152:
 825 05ce 0546     		mov	r5, r0
 826 05d0 B4F86000 		ldrh	r0, [r4, #96]
 827 05d4 FFF7FEFF 		bl	__aeabi_i2f
 828              	.LVL153:
 829 05d8 2649     		ldr	r1, .L16+88
 830 05da FFF7FEFF 		bl	__aeabi_fmul
 831              	.LVL154:
 832 05de 0146     		mov	r1, r0
 833 05e0 2846     		mov	r0, r5
 834 05e2 FFF7FEFF 		bl	__aeabi_fadd
 835              	.LVL155:
 836 05e6 0546     		mov	r5, r0
 837 05e8 B4F86200 		ldrh	r0, [r4, #98]
 838 05ec FFF7FEFF 		bl	__aeabi_i2f
 839              	.LVL156:
 840 05f0 2149     		ldr	r1, .L16+92
 841 05f2 FFF7FEFF 		bl	__aeabi_fmul
 842              	.LVL157:
 843 05f6 0146     		mov	r1, r0
 844 05f8 2846     		mov	r0, r5
 845 05fa FFF7FEFF 		bl	__aeabi_fadd
 846              	.LVL158:
 847 05fe 0446     		mov	r4, r0
 848 0600 1E4B     		ldr	r3, .L16+96
 849 0602 B3F86400 		ldrh	r0, [r3, #100]
 850 0606 FFF7FEFF 		bl	__aeabi_i2f
 851              	.LVL159:
 852 060a 1D49     		ldr	r1, .L16+100
 853 060c FFF7FEFF 		bl	__aeabi_fmul
 854              	.LVL160:
 855 0610 0146     		mov	r1, r0
 856 0612 2046     		mov	r0, r4
 857 0614 FFF7FEFF 		bl	__aeabi_fadd
 858              	.LVL161:
 859 0618 34E0     		b	.L17
 860              	.L18:
 861 061a 00BF     		.align	2
 862              	.L16:
 863 061c BC74933B 		.word	999519420
 864 0620 1283C03C 		.word	1019249426
 865 0624 0E4F2F3D 		.word	1026510606
 866 0628 FE65773D 		.word	1031235070
 867 062c E3C7983D 		.word	1033422819
 868 0630 E86AAB3D 		.word	1034644200
 869 0634 A1F8B13D 		.word	1035073697
 870 0638 CDCC4CBC 		.word	-1135817523
 871 063c ABCFD5BC 		.word	-1126838357
 872 0640 97FF10BD 		.word	-1122959465
 873 0644 9D1125BD 		.word	-1121644131
ARM GAS  C:\Users\nikod\AppData\Local\Temp\cccM4KxJ.s 			page 18


 874 0648 C28627BD 		.word	-1121483070
 875 064c E3A51BBD 		.word	-1122261533
 876 0650 948705BD 		.word	-1123711084
 877 0654 CE88D2BC 		.word	-1127053106
 878 0658 508D97BC 		.word	-1130918576
 879 065c CA5441BC 		.word	-1136569142
 880 0660 3B70CEBB 		.word	-1144098757
 881 0664 E02D10BB 		.word	-1156567584
 882 0668 52491D3A 		.word	974997842
 883 066c 6F12033B 		.word	990057071
 884 0670 C3642A3B 		.word	992634051
 885 0674 99BB163B 		.word	991345561
 886 0678 6C09F93A 		.word	989399404
 887 067c 00000000 		.word	x
 888 0680 17B7D13A 		.word	986822423
 889              	.L17:
 890 0684 0449     		ldr	r1, .L19
 891 0686 FFF7FEFF 		bl	__aeabi_fadd
 892              	.LVL162:
 893 068a FFF7FEFF 		bl	__aeabi_f2uiz
 894              	.LVL163:
 895 068e C0B2     		uxtb	r0, r0
 896              	.LVL164:
 897              	.L9:
  97:main.c        **** }
  98:main.c        ****     DAC_SetValue(y);
 898              		.loc 1 98 0
 899 0690 FFF7FEFF 		bl	DAC_SetValue
 900              	.LVL165:
 901 0694 38BD     		pop	{r3, r4, r5, pc}
 902              	.L20:
 903 0696 00BF     		.align	2
 904              	.L19:
 905 0698 0000D842 		.word	1121452032
 906              		.cfi_endproc
 907              	.LFE64:
 908              		.size	llegaMuestra, .-llegaMuestra
 909              		.section	.text.main,"ax",%progbits
 910              		.align	2
 911              		.global	main
 912              		.thumb
 913              		.thumb_func
 914              		.type	main, %function
 915              	main:
 916              	.LFB65:
  99:main.c        **** }
 100:main.c        **** 
 101:main.c        **** int main(void)
 102:main.c        **** {
 917              		.loc 1 102 0
 918              		.cfi_startproc
 919              		@ Volatile: function does not return.
 920              		@ args = 0, pretend = 0, frame = 0
 921              		@ frame_needed = 0, uses_anonymous_args = 0
 922 0000 08B5     		push	{r3, lr}
 923              		.cfi_def_cfa_offset 8
 924              		.cfi_offset 3, -8
ARM GAS  C:\Users\nikod\AppData\Local\Temp\cccM4KxJ.s 			page 19


 925              		.cfi_offset 14, -4
 103:main.c        ****     CyGlobalIntEnable; /* Enable global interrupts. */    
 926              		.loc 1 103 0
 927              		.syntax unified
 928              	@ 103 "main.c" 1
 929 0002 62B6     		CPSIE   i
 930              	@ 0 "" 2
 104:main.c        ****     /* Place your initialization/startup code here (e.g. MyInst_Start()) */
 105:main.c        ****     //Inicializamos los componentes
 106:main.c        ****     ADC_Start();
 931              		.loc 1 106 0
 932              		.thumb
 933              		.syntax unified
 934 0004 FFF7FEFF 		bl	ADC_Start
 935              	.LVL166:
 107:main.c        ****     DAC_Start();
 936              		.loc 1 107 0
 937 0008 FFF7FEFF 		bl	DAC_Start
 938              	.LVL167:
 108:main.c        ****     Timer_Start();
 939              		.loc 1 108 0
 940 000c FFF7FEFF 		bl	Timer_Start
 941              	.LVL168:
 109:main.c        ****     ISR_StartEx(llegaMuestra);
 942              		.loc 1 109 0
 943 0010 0448     		ldr	r0, .L24
 944 0012 FFF7FEFF 		bl	ISR_StartEx
 945              	.LVL169:
 110:main.c        ****     LEDS_Write(0);
 946              		.loc 1 110 0
 947 0016 0020     		movs	r0, #0
 948 0018 FFF7FEFF 		bl	LEDS_Write
 949              	.LVL170:
 111:main.c        ****     ISR_1_StartEx(INT_SW);
 950              		.loc 1 111 0
 951 001c 0248     		ldr	r0, .L24+4
 952 001e FFF7FEFF 		bl	ISR_1_StartEx
 953              	.LVL171:
 954              	.L22:
 955 0022 FEE7     		b	.L22
 956              	.L25:
 957              		.align	2
 958              	.L24:
 959 0024 00000000 		.word	llegaMuestra
 960 0028 00000000 		.word	INT_SW
 961              		.cfi_endproc
 962              	.LFE65:
 963              		.size	main, .-main
 964              		.comm	x,102,4
 965              		.global	cont
 966              		.global	h
 967              		.global	g
 968              		.section	.rodata
 969              		.align	3
 970              		.type	h, %object
 971              		.size	h, 204
 972              	h:
ARM GAS  C:\Users\nikod\AppData\Local\Temp\cccM4KxJ.s 			page 20


 973 0000 17B7D13A 		.word	986822423
 974 0004 6C09F93A 		.word	989399404
 975 0008 99BB163B 		.word	991345561
 976 000c C3642A3B 		.word	992634051
 977 0010 C3642A3B 		.word	992634051
 978 0014 6F12033B 		.word	990057071
 979 0018 52491D3A 		.word	974997842
 980 001c E02D10BB 		.word	-1156567584
 981 0020 3B70CEBB 		.word	-1144098757
 982 0024 CA5441BC 		.word	-1136569142
 983 0028 508D97BC 		.word	-1130918576
 984 002c CE88D2BC 		.word	-1127053106
 985 0030 948705BD 		.word	-1123711084
 986 0034 E3A51BBD 		.word	-1122261533
 987 0038 C28627BD 		.word	-1121483070
 988 003c 9D1125BD 		.word	-1121644131
 989 0040 97FF10BD 		.word	-1122959465
 990 0044 ABCFD5BC 		.word	-1126838357
 991 0048 CDCC4CBC 		.word	-1135817523
 992 004c BC74933B 		.word	999519420
 993 0050 1283C03C 		.word	1019249426
 994 0054 0E4F2F3D 		.word	1026510606
 995 0058 FE65773D 		.word	1031235070
 996 005c E3C7983D 		.word	1033422819
 997 0060 E86AAB3D 		.word	1034644200
 998 0064 A1F8B13D 		.word	1035073697
 999 0068 E86AAB3D 		.word	1034644200
 1000 006c E3C7983D 		.word	1033422819
 1001 0070 FE65773D 		.word	1031235070
 1002 0074 0E4F2F3D 		.word	1026510606
 1003 0078 1283C03C 		.word	1019249426
 1004 007c BC74933B 		.word	999519420
 1005 0080 CDCC4CBC 		.word	-1135817523
 1006 0084 ABCFD5BC 		.word	-1126838357
 1007 0088 97FF10BD 		.word	-1122959465
 1008 008c 9D1125BD 		.word	-1121644131
 1009 0090 C28627BD 		.word	-1121483070
 1010 0094 E3A51BBD 		.word	-1122261533
 1011 0098 948705BD 		.word	-1123711084
 1012 009c CE88D2BC 		.word	-1127053106
 1013 00a0 508D97BC 		.word	-1130918576
 1014 00a4 CA5441BC 		.word	-1136569142
 1015 00a8 3B70CEBB 		.word	-1144098757
 1016 00ac E02D10BB 		.word	-1156567584
 1017 00b0 52491D3A 		.word	974997842
 1018 00b4 6F12033B 		.word	990057071
 1019 00b8 C3642A3B 		.word	992634051
 1020 00bc C3642A3B 		.word	992634051
 1021 00c0 99BB163B 		.word	991345561
 1022 00c4 6C09F93A 		.word	989399404
 1023 00c8 17B7D13A 		.word	986822423
 1024 00cc 00000000 		.space	4
 1025              		.type	g, %object
 1026              		.size	g, 64
 1027              	g:
 1028 00d0 CAC342AD 		.word	-1388133430
 1029 00d4 691E1740 		.word	1075256937
ARM GAS  C:\Users\nikod\AppData\Local\Temp\cccM4KxJ.s 			page 21


 1030 00d8 2D431CEB 		.word	-350469331
 1031 00dc E2362FC0 		.word	-1070647582
 1032 00e0 60E5D022 		.word	584115552
 1033 00e4 DB793940 		.word	1077508571
 1034 00e8 8048BF7D 		.word	2109687936
 1035 00ec 1D683BC0 		.word	-1069848547
 1036 00f0 1EA7E848 		.word	1223206686
 1037 00f4 2EDF3340 		.word	1077141294
 1038 00f8 04560E2D 		.word	755914244
 1039 00fc B2FD22C0 		.word	-1071448654
 1040 0100 35EF3845 		.word	1161359157
 1041 0104 47F20540 		.word	1074131527
 1042 0108 D0D556EC 		.word	-329853488
 1043 010c 2FBBD7BF 		.word	-1076380881
 1044              		.bss
 1045              		.set	.LANCHOR0,. + 0
 1046              		.type	cont, %object
 1047              		.size	cont, 1
 1048              	cont:
 1049 0000 00       		.space	1
 1050              		.text
 1051              	.Letext0:
 1052              		.file 2 "c:\\program files (x86)\\cypress\\psoc creator\\4.2\\psoc creator\\import\\gnu\\arm\\5.4.
 1053              		.file 3 "c:\\program files (x86)\\cypress\\psoc creator\\4.2\\psoc creator\\import\\gnu\\arm\\5.4.
 1054              		.file 4 "Generated_Source\\PSoC5/cytypes.h"
 1055              		.file 5 "Generated_Source\\PSoC5/core_cm3.h"
 1056              		.file 6 "Generated_Source\\PSoC5/LEDS.h"
 1057              		.file 7 "Generated_Source\\PSoC5/SW.h"
 1058              		.file 8 "Generated_Source\\PSoC5/ADC.h"
 1059              		.file 9 "Generated_Source\\PSoC5/DAC.h"
 1060              		.file 10 "Generated_Source\\PSoC5/Timer.h"
 1061              		.file 11 "Generated_Source\\PSoC5/ISR.h"
 1062              		.file 12 "Generated_Source\\PSoC5/ISR_1.h"
 1063              		.section	.debug_info,"",%progbits
 1064              	.Ldebug_info0:
 1065 0000 DA020000 		.4byte	0x2da
 1066 0004 0400     		.2byte	0x4
 1067 0006 00000000 		.4byte	.Ldebug_abbrev0
 1068 000a 04       		.byte	0x4
 1069 000b 01       		.uleb128 0x1
 1070 000c 59000000 		.4byte	.LASF33
 1071 0010 0C       		.byte	0xc
 1072 0011 D4010000 		.4byte	.LASF34
 1073 0015 FE010000 		.4byte	.LASF35
 1074 0019 00000000 		.4byte	.Ldebug_ranges0+0
 1075 001d 00000000 		.4byte	0
 1076 0021 00000000 		.4byte	.Ldebug_line0
 1077 0025 02       		.uleb128 0x2
 1078 0026 01       		.byte	0x1
 1079 0027 06       		.byte	0x6
 1080 0028 5C020000 		.4byte	.LASF0
 1081 002c 02       		.uleb128 0x2
 1082 002d 01       		.byte	0x1
 1083 002e 08       		.byte	0x8
 1084 002f 4B000000 		.4byte	.LASF1
 1085 0033 02       		.uleb128 0x2
 1086 0034 02       		.byte	0x2
ARM GAS  C:\Users\nikod\AppData\Local\Temp\cccM4KxJ.s 			page 22


 1087 0035 05       		.byte	0x5
 1088 0036 E0010000 		.4byte	.LASF2
 1089 003a 02       		.uleb128 0x2
 1090 003b 02       		.byte	0x2
 1091 003c 07       		.byte	0x7
 1092 003d F8000000 		.4byte	.LASF3
 1093 0041 03       		.uleb128 0x3
 1094 0042 12000000 		.4byte	.LASF9
 1095 0046 02       		.byte	0x2
 1096 0047 3F       		.byte	0x3f
 1097 0048 4C000000 		.4byte	0x4c
 1098 004c 02       		.uleb128 0x2
 1099 004d 04       		.byte	0x4
 1100 004e 05       		.byte	0x5
 1101 004f 4E020000 		.4byte	.LASF4
 1102 0053 02       		.uleb128 0x2
 1103 0054 04       		.byte	0x4
 1104 0055 07       		.byte	0x7
 1105 0056 45010000 		.4byte	.LASF5
 1106 005a 02       		.uleb128 0x2
 1107 005b 08       		.byte	0x8
 1108 005c 05       		.byte	0x5
 1109 005d C6010000 		.4byte	.LASF6
 1110 0061 02       		.uleb128 0x2
 1111 0062 08       		.byte	0x8
 1112 0063 07       		.byte	0x7
 1113 0064 90010000 		.4byte	.LASF7
 1114 0068 04       		.uleb128 0x4
 1115 0069 04       		.byte	0x4
 1116 006a 05       		.byte	0x5
 1117 006b 696E7400 		.ascii	"int\000"
 1118 006f 02       		.uleb128 0x2
 1119 0070 04       		.byte	0x4
 1120 0071 07       		.byte	0x7
 1121 0072 83010000 		.4byte	.LASF8
 1122 0076 03       		.uleb128 0x3
 1123 0077 30000000 		.4byte	.LASF10
 1124 007b 03       		.byte	0x3
 1125 007c 2C       		.byte	0x2c
 1126 007d 41000000 		.4byte	0x41
 1127 0081 05       		.uleb128 0x5
 1128 0082 EA010000 		.4byte	.LASF11
 1129 0086 04       		.byte	0x4
 1130 0087 E401     		.2byte	0x1e4
 1131 0089 2C000000 		.4byte	0x2c
 1132 008d 05       		.uleb128 0x5
 1133 008e 5E010000 		.4byte	.LASF12
 1134 0092 04       		.byte	0x4
 1135 0093 E501     		.2byte	0x1e5
 1136 0095 3A000000 		.4byte	0x3a
 1137 0099 02       		.uleb128 0x2
 1138 009a 04       		.byte	0x4
 1139 009b 04       		.byte	0x4
 1140 009c 38000000 		.4byte	.LASF13
 1141 00a0 02       		.uleb128 0x2
 1142 00a1 08       		.byte	0x8
 1143 00a2 04       		.byte	0x4
ARM GAS  C:\Users\nikod\AppData\Local\Temp\cccM4KxJ.s 			page 23


 1144 00a3 29000000 		.4byte	.LASF14
 1145 00a7 02       		.uleb128 0x2
 1146 00a8 01       		.byte	0x1
 1147 00a9 08       		.byte	0x8
 1148 00aa DB010000 		.4byte	.LASF15
 1149 00ae 06       		.uleb128 0x6
 1150 00af 81000000 		.4byte	0x81
 1151 00b3 02       		.uleb128 0x2
 1152 00b4 08       		.byte	0x8
 1153 00b5 04       		.byte	0x4
 1154 00b6 B1010000 		.4byte	.LASF16
 1155 00ba 02       		.uleb128 0x2
 1156 00bb 04       		.byte	0x4
 1157 00bc 07       		.byte	0x7
 1158 00bd BD010000 		.4byte	.LASF17
 1159 00c1 07       		.uleb128 0x7
 1160 00c2 57010000 		.4byte	.LASF18
 1161 00c6 01       		.byte	0x1
 1162 00c7 19       		.byte	0x19
 1163 00c8 00000000 		.4byte	.LFB63
 1164 00cc 2C000000 		.4byte	.LFE63-.LFB63
 1165 00d0 01       		.uleb128 0x1
 1166 00d1 9C       		.byte	0x9c
 1167 00d2 E9000000 		.4byte	0xe9
 1168 00d6 08       		.uleb128 0x8
 1169 00d7 22000000 		.4byte	.LVL0
 1170 00db 64020000 		.4byte	0x264
 1171 00df 08       		.uleb128 0x8
 1172 00e0 26000000 		.4byte	.LVL1
 1173 00e4 6F020000 		.4byte	0x26f
 1174 00e8 00       		.byte	0
 1175 00e9 09       		.uleb128 0x9
 1176 00ea 3E000000 		.4byte	.LASF19
 1177 00ee 01       		.byte	0x1
 1178 00ef 24       		.byte	0x24
 1179 00f0 00000000 		.4byte	.LFB64
 1180 00f4 9C060000 		.4byte	.LFE64-.LFB64
 1181 00f8 01       		.uleb128 0x1
 1182 00f9 9C       		.byte	0x9c
 1183 00fa 5F010000 		.4byte	0x15f
 1184 00fe 0A       		.uleb128 0xa
 1185 00ff 7900     		.ascii	"y\000"
 1186 0101 01       		.byte	0x1
 1187 0102 25       		.byte	0x25
 1188 0103 2C000000 		.4byte	0x2c
 1189 0107 00000000 		.4byte	.LLST0
 1190 010b 08       		.uleb128 0x8
 1191 010c 10000000 		.4byte	.LVL2
 1192 0110 7A020000 		.4byte	0x27a
 1193 0114 0B       		.uleb128 0xb
 1194 0115 16000000 		.4byte	.LVL3
 1195 0119 85020000 		.4byte	0x285
 1196 011d 27010000 		.4byte	0x127
 1197 0121 0C       		.uleb128 0xc
 1198 0122 01       		.uleb128 0x1
 1199 0123 50       		.byte	0x50
 1200 0124 01       		.uleb128 0x1
ARM GAS  C:\Users\nikod\AppData\Local\Temp\cccM4KxJ.s 			page 24


 1201 0125 30       		.byte	0x30
 1202 0126 00       		.byte	0
 1203 0127 08       		.uleb128 0x8
 1204 0128 1A000000 		.4byte	.LVL4
 1205 012c 90020000 		.4byte	0x290
 1206 0130 08       		.uleb128 0x8
 1207 0131 3C010000 		.4byte	.LVL7
 1208 0135 7A020000 		.4byte	0x27a
 1209 0139 0B       		.uleb128 0xb
 1210 013a 42010000 		.4byte	.LVL8
 1211 013e 85020000 		.4byte	0x285
 1212 0142 4C010000 		.4byte	0x14c
 1213 0146 0C       		.uleb128 0xc
 1214 0147 01       		.uleb128 0x1
 1215 0148 50       		.byte	0x50
 1216 0149 01       		.uleb128 0x1
 1217 014a 30       		.byte	0x30
 1218 014b 00       		.byte	0
 1219 014c 08       		.uleb128 0x8
 1220 014d 46010000 		.4byte	.LVL9
 1221 0151 90020000 		.4byte	0x290
 1222 0155 08       		.uleb128 0x8
 1223 0156 94060000 		.4byte	.LVL165
 1224 015a 9B020000 		.4byte	0x29b
 1225 015e 00       		.byte	0
 1226 015f 0D       		.uleb128 0xd
 1227 0160 72010000 		.4byte	.LASF36
 1228 0164 01       		.byte	0x1
 1229 0165 65       		.byte	0x65
 1230 0166 68000000 		.4byte	0x68
 1231 016a 00000000 		.4byte	.LFB65
 1232 016e 2C000000 		.4byte	.LFE65-.LFB65
 1233 0172 01       		.uleb128 0x1
 1234 0173 9C       		.byte	0x9c
 1235 0174 D1010000 		.4byte	0x1d1
 1236 0178 08       		.uleb128 0x8
 1237 0179 08000000 		.4byte	.LVL166
 1238 017d A6020000 		.4byte	0x2a6
 1239 0181 08       		.uleb128 0x8
 1240 0182 0C000000 		.4byte	.LVL167
 1241 0186 B1020000 		.4byte	0x2b1
 1242 018a 08       		.uleb128 0x8
 1243 018b 10000000 		.4byte	.LVL168
 1244 018f BC020000 		.4byte	0x2bc
 1245 0193 0B       		.uleb128 0xb
 1246 0194 16000000 		.4byte	.LVL169
 1247 0198 C7020000 		.4byte	0x2c7
 1248 019c AA010000 		.4byte	0x1aa
 1249 01a0 0C       		.uleb128 0xc
 1250 01a1 01       		.uleb128 0x1
 1251 01a2 50       		.byte	0x50
 1252 01a3 05       		.uleb128 0x5
 1253 01a4 03       		.byte	0x3
 1254 01a5 00000000 		.4byte	llegaMuestra
 1255 01a9 00       		.byte	0
 1256 01aa 0B       		.uleb128 0xb
 1257 01ab 1C000000 		.4byte	.LVL170
ARM GAS  C:\Users\nikod\AppData\Local\Temp\cccM4KxJ.s 			page 25


 1258 01af 64020000 		.4byte	0x264
 1259 01b3 BD010000 		.4byte	0x1bd
 1260 01b7 0C       		.uleb128 0xc
 1261 01b8 01       		.uleb128 0x1
 1262 01b9 50       		.byte	0x50
 1263 01ba 01       		.uleb128 0x1
 1264 01bb 30       		.byte	0x30
 1265 01bc 00       		.byte	0
 1266 01bd 0E       		.uleb128 0xe
 1267 01be 22000000 		.4byte	.LVL171
 1268 01c2 D2020000 		.4byte	0x2d2
 1269 01c6 0C       		.uleb128 0xc
 1270 01c7 01       		.uleb128 0x1
 1271 01c8 50       		.byte	0x50
 1272 01c9 05       		.uleb128 0x5
 1273 01ca 03       		.byte	0x3
 1274 01cb 00000000 		.4byte	INT_SW
 1275 01cf 00       		.byte	0
 1276 01d0 00       		.byte	0
 1277 01d1 0F       		.uleb128 0xf
 1278 01d2 65010000 		.4byte	.LASF20
 1279 01d6 05       		.byte	0x5
 1280 01d7 1207     		.2byte	0x712
 1281 01d9 DD010000 		.4byte	0x1dd
 1282 01dd 06       		.uleb128 0x6
 1283 01de 76000000 		.4byte	0x76
 1284 01e2 10       		.uleb128 0x10
 1285 01e3 F2010000 		.4byte	0x1f2
 1286 01e7 F2010000 		.4byte	0x1f2
 1287 01eb 11       		.uleb128 0x11
 1288 01ec BA000000 		.4byte	0xba
 1289 01f0 07       		.byte	0x7
 1290 01f1 00       		.byte	0
 1291 01f2 12       		.uleb128 0x12
 1292 01f3 A0000000 		.4byte	0xa0
 1293 01f7 13       		.uleb128 0x13
 1294 01f8 6700     		.ascii	"g\000"
 1295 01fa 01       		.byte	0x1
 1296 01fb 12       		.byte	0x12
 1297 01fc 06020000 		.4byte	0x206
 1298 0200 05       		.uleb128 0x5
 1299 0201 03       		.byte	0x3
 1300 0202 00000000 		.4byte	g
 1301 0206 12       		.uleb128 0x12
 1302 0207 E2010000 		.4byte	0x1e2
 1303 020b 10       		.uleb128 0x10
 1304 020c 1B020000 		.4byte	0x21b
 1305 0210 1B020000 		.4byte	0x21b
 1306 0214 11       		.uleb128 0x11
 1307 0215 BA000000 		.4byte	0xba
 1308 0219 32       		.byte	0x32
 1309 021a 00       		.byte	0
 1310 021b 12       		.uleb128 0x12
 1311 021c 99000000 		.4byte	0x99
 1312 0220 13       		.uleb128 0x13
 1313 0221 6800     		.ascii	"h\000"
 1314 0223 01       		.byte	0x1
ARM GAS  C:\Users\nikod\AppData\Local\Temp\cccM4KxJ.s 			page 26


 1315 0224 14       		.byte	0x14
 1316 0225 2F020000 		.4byte	0x22f
 1317 0229 05       		.uleb128 0x5
 1318 022a 03       		.byte	0x3
 1319 022b 00000000 		.4byte	h
 1320 022f 12       		.uleb128 0x12
 1321 0230 0B020000 		.4byte	0x20b
 1322 0234 14       		.uleb128 0x14
 1323 0235 57020000 		.4byte	.LASF21
 1324 0239 01       		.byte	0x1
 1325 023a 15       		.byte	0x15
 1326 023b AE000000 		.4byte	0xae
 1327 023f 05       		.uleb128 0x5
 1328 0240 03       		.byte	0x3
 1329 0241 00000000 		.4byte	cont
 1330 0245 10       		.uleb128 0x10
 1331 0246 8D000000 		.4byte	0x8d
 1332 024a 55020000 		.4byte	0x255
 1333 024e 11       		.uleb128 0x11
 1334 024f BA000000 		.4byte	0xba
 1335 0253 32       		.byte	0x32
 1336 0254 00       		.byte	0
 1337 0255 13       		.uleb128 0x13
 1338 0256 7800     		.ascii	"x\000"
 1339 0258 01       		.byte	0x1
 1340 0259 16       		.byte	0x16
 1341 025a 45020000 		.4byte	0x245
 1342 025e 05       		.uleb128 0x5
 1343 025f 03       		.byte	0x3
 1344 0260 00000000 		.4byte	x
 1345 0264 15       		.uleb128 0x15
 1346 0265 68020000 		.4byte	.LASF22
 1347 0269 68020000 		.4byte	.LASF22
 1348 026d 06       		.byte	0x6
 1349 026e 26       		.byte	0x26
 1350 026f 15       		.uleb128 0x15
 1351 0270 00000000 		.4byte	.LASF23
 1352 0274 00000000 		.4byte	.LASF23
 1353 0278 07       		.byte	0x7
 1354 0279 2B       		.byte	0x2b
 1355 027a 15       		.uleb128 0x15
 1356 027b E7000000 		.4byte	.LASF24
 1357 027f E7000000 		.4byte	.LASF24
 1358 0283 08       		.byte	0x8
 1359 0284 D1       		.byte	0xd1
 1360 0285 15       		.uleb128 0x15
 1361 0286 27010000 		.4byte	.LASF25
 1362 028a 27010000 		.4byte	.LASF25
 1363 028e 08       		.byte	0x8
 1364 028f 39       		.byte	0x39
 1365 0290 15       		.uleb128 0x15
 1366 0291 0B010000 		.4byte	.LASF26
 1367 0295 0B010000 		.4byte	.LASF26
 1368 0299 08       		.byte	0x8
 1369 029a 3B       		.byte	0x3b
 1370 029b 15       		.uleb128 0x15
 1371 029c 1C000000 		.4byte	.LASF27
ARM GAS  C:\Users\nikod\AppData\Local\Temp\cccM4KxJ.s 			page 27


 1372 02a0 1C000000 		.4byte	.LASF27
 1373 02a4 09       		.byte	0x9
 1374 02a5 37       		.byte	0x37
 1375 02a6 15       		.uleb128 0x15
 1376 02a7 A7010000 		.4byte	.LASF28
 1377 02ab A7010000 		.4byte	.LASF28
 1378 02af 08       		.byte	0x8
 1379 02b0 34       		.byte	0x34
 1380 02b1 15       		.uleb128 0x15
 1381 02b2 3B010000 		.4byte	.LASF29
 1382 02b6 3B010000 		.4byte	.LASF29
 1383 02ba 09       		.byte	0x9
 1384 02bb 33       		.byte	0x33
 1385 02bc 15       		.uleb128 0x15
 1386 02bd 77010000 		.4byte	.LASF30
 1387 02c1 77010000 		.4byte	.LASF30
 1388 02c5 0A       		.byte	0xa
 1389 02c6 5A       		.byte	0x5a
 1390 02c7 15       		.uleb128 0x15
 1391 02c8 1B010000 		.4byte	.LASF31
 1392 02cc 1B010000 		.4byte	.LASF31
 1393 02d0 0B       		.byte	0xb
 1394 02d1 18       		.byte	0x18
 1395 02d2 15       		.uleb128 0x15
 1396 02d3 F0010000 		.4byte	.LASF32
 1397 02d7 F0010000 		.4byte	.LASF32
 1398 02db 0C       		.byte	0xc
 1399 02dc 18       		.byte	0x18
 1400 02dd 00       		.byte	0
 1401              		.section	.debug_abbrev,"",%progbits
 1402              	.Ldebug_abbrev0:
 1403 0000 01       		.uleb128 0x1
 1404 0001 11       		.uleb128 0x11
 1405 0002 01       		.byte	0x1
 1406 0003 25       		.uleb128 0x25
 1407 0004 0E       		.uleb128 0xe
 1408 0005 13       		.uleb128 0x13
 1409 0006 0B       		.uleb128 0xb
 1410 0007 03       		.uleb128 0x3
 1411 0008 0E       		.uleb128 0xe
 1412 0009 1B       		.uleb128 0x1b
 1413 000a 0E       		.uleb128 0xe
 1414 000b 55       		.uleb128 0x55
 1415 000c 17       		.uleb128 0x17
 1416 000d 11       		.uleb128 0x11
 1417 000e 01       		.uleb128 0x1
 1418 000f 10       		.uleb128 0x10
 1419 0010 17       		.uleb128 0x17
 1420 0011 00       		.byte	0
 1421 0012 00       		.byte	0
 1422 0013 02       		.uleb128 0x2
 1423 0014 24       		.uleb128 0x24
 1424 0015 00       		.byte	0
 1425 0016 0B       		.uleb128 0xb
 1426 0017 0B       		.uleb128 0xb
 1427 0018 3E       		.uleb128 0x3e
 1428 0019 0B       		.uleb128 0xb
ARM GAS  C:\Users\nikod\AppData\Local\Temp\cccM4KxJ.s 			page 28


 1429 001a 03       		.uleb128 0x3
 1430 001b 0E       		.uleb128 0xe
 1431 001c 00       		.byte	0
 1432 001d 00       		.byte	0
 1433 001e 03       		.uleb128 0x3
 1434 001f 16       		.uleb128 0x16
 1435 0020 00       		.byte	0
 1436 0021 03       		.uleb128 0x3
 1437 0022 0E       		.uleb128 0xe
 1438 0023 3A       		.uleb128 0x3a
 1439 0024 0B       		.uleb128 0xb
 1440 0025 3B       		.uleb128 0x3b
 1441 0026 0B       		.uleb128 0xb
 1442 0027 49       		.uleb128 0x49
 1443 0028 13       		.uleb128 0x13
 1444 0029 00       		.byte	0
 1445 002a 00       		.byte	0
 1446 002b 04       		.uleb128 0x4
 1447 002c 24       		.uleb128 0x24
 1448 002d 00       		.byte	0
 1449 002e 0B       		.uleb128 0xb
 1450 002f 0B       		.uleb128 0xb
 1451 0030 3E       		.uleb128 0x3e
 1452 0031 0B       		.uleb128 0xb
 1453 0032 03       		.uleb128 0x3
 1454 0033 08       		.uleb128 0x8
 1455 0034 00       		.byte	0
 1456 0035 00       		.byte	0
 1457 0036 05       		.uleb128 0x5
 1458 0037 16       		.uleb128 0x16
 1459 0038 00       		.byte	0
 1460 0039 03       		.uleb128 0x3
 1461 003a 0E       		.uleb128 0xe
 1462 003b 3A       		.uleb128 0x3a
 1463 003c 0B       		.uleb128 0xb
 1464 003d 3B       		.uleb128 0x3b
 1465 003e 05       		.uleb128 0x5
 1466 003f 49       		.uleb128 0x49
 1467 0040 13       		.uleb128 0x13
 1468 0041 00       		.byte	0
 1469 0042 00       		.byte	0
 1470 0043 06       		.uleb128 0x6
 1471 0044 35       		.uleb128 0x35
 1472 0045 00       		.byte	0
 1473 0046 49       		.uleb128 0x49
 1474 0047 13       		.uleb128 0x13
 1475 0048 00       		.byte	0
 1476 0049 00       		.byte	0
 1477 004a 07       		.uleb128 0x7
 1478 004b 2E       		.uleb128 0x2e
 1479 004c 01       		.byte	0x1
 1480 004d 3F       		.uleb128 0x3f
 1481 004e 19       		.uleb128 0x19
 1482 004f 03       		.uleb128 0x3
 1483 0050 0E       		.uleb128 0xe
 1484 0051 3A       		.uleb128 0x3a
 1485 0052 0B       		.uleb128 0xb
ARM GAS  C:\Users\nikod\AppData\Local\Temp\cccM4KxJ.s 			page 29


 1486 0053 3B       		.uleb128 0x3b
 1487 0054 0B       		.uleb128 0xb
 1488 0055 27       		.uleb128 0x27
 1489 0056 19       		.uleb128 0x19
 1490 0057 11       		.uleb128 0x11
 1491 0058 01       		.uleb128 0x1
 1492 0059 12       		.uleb128 0x12
 1493 005a 06       		.uleb128 0x6
 1494 005b 40       		.uleb128 0x40
 1495 005c 18       		.uleb128 0x18
 1496 005d 9742     		.uleb128 0x2117
 1497 005f 19       		.uleb128 0x19
 1498 0060 01       		.uleb128 0x1
 1499 0061 13       		.uleb128 0x13
 1500 0062 00       		.byte	0
 1501 0063 00       		.byte	0
 1502 0064 08       		.uleb128 0x8
 1503 0065 898201   		.uleb128 0x4109
 1504 0068 00       		.byte	0
 1505 0069 11       		.uleb128 0x11
 1506 006a 01       		.uleb128 0x1
 1507 006b 31       		.uleb128 0x31
 1508 006c 13       		.uleb128 0x13
 1509 006d 00       		.byte	0
 1510 006e 00       		.byte	0
 1511 006f 09       		.uleb128 0x9
 1512 0070 2E       		.uleb128 0x2e
 1513 0071 01       		.byte	0x1
 1514 0072 3F       		.uleb128 0x3f
 1515 0073 19       		.uleb128 0x19
 1516 0074 03       		.uleb128 0x3
 1517 0075 0E       		.uleb128 0xe
 1518 0076 3A       		.uleb128 0x3a
 1519 0077 0B       		.uleb128 0xb
 1520 0078 3B       		.uleb128 0x3b
 1521 0079 0B       		.uleb128 0xb
 1522 007a 27       		.uleb128 0x27
 1523 007b 19       		.uleb128 0x19
 1524 007c 11       		.uleb128 0x11
 1525 007d 01       		.uleb128 0x1
 1526 007e 12       		.uleb128 0x12
 1527 007f 06       		.uleb128 0x6
 1528 0080 40       		.uleb128 0x40
 1529 0081 18       		.uleb128 0x18
 1530 0082 9642     		.uleb128 0x2116
 1531 0084 19       		.uleb128 0x19
 1532 0085 01       		.uleb128 0x1
 1533 0086 13       		.uleb128 0x13
 1534 0087 00       		.byte	0
 1535 0088 00       		.byte	0
 1536 0089 0A       		.uleb128 0xa
 1537 008a 34       		.uleb128 0x34
 1538 008b 00       		.byte	0
 1539 008c 03       		.uleb128 0x3
 1540 008d 08       		.uleb128 0x8
 1541 008e 3A       		.uleb128 0x3a
 1542 008f 0B       		.uleb128 0xb
ARM GAS  C:\Users\nikod\AppData\Local\Temp\cccM4KxJ.s 			page 30


 1543 0090 3B       		.uleb128 0x3b
 1544 0091 0B       		.uleb128 0xb
 1545 0092 49       		.uleb128 0x49
 1546 0093 13       		.uleb128 0x13
 1547 0094 02       		.uleb128 0x2
 1548 0095 17       		.uleb128 0x17
 1549 0096 00       		.byte	0
 1550 0097 00       		.byte	0
 1551 0098 0B       		.uleb128 0xb
 1552 0099 898201   		.uleb128 0x4109
 1553 009c 01       		.byte	0x1
 1554 009d 11       		.uleb128 0x11
 1555 009e 01       		.uleb128 0x1
 1556 009f 31       		.uleb128 0x31
 1557 00a0 13       		.uleb128 0x13
 1558 00a1 01       		.uleb128 0x1
 1559 00a2 13       		.uleb128 0x13
 1560 00a3 00       		.byte	0
 1561 00a4 00       		.byte	0
 1562 00a5 0C       		.uleb128 0xc
 1563 00a6 8A8201   		.uleb128 0x410a
 1564 00a9 00       		.byte	0
 1565 00aa 02       		.uleb128 0x2
 1566 00ab 18       		.uleb128 0x18
 1567 00ac 9142     		.uleb128 0x2111
 1568 00ae 18       		.uleb128 0x18
 1569 00af 00       		.byte	0
 1570 00b0 00       		.byte	0
 1571 00b1 0D       		.uleb128 0xd
 1572 00b2 2E       		.uleb128 0x2e
 1573 00b3 01       		.byte	0x1
 1574 00b4 3F       		.uleb128 0x3f
 1575 00b5 19       		.uleb128 0x19
 1576 00b6 03       		.uleb128 0x3
 1577 00b7 0E       		.uleb128 0xe
 1578 00b8 3A       		.uleb128 0x3a
 1579 00b9 0B       		.uleb128 0xb
 1580 00ba 3B       		.uleb128 0x3b
 1581 00bb 0B       		.uleb128 0xb
 1582 00bc 27       		.uleb128 0x27
 1583 00bd 19       		.uleb128 0x19
 1584 00be 49       		.uleb128 0x49
 1585 00bf 13       		.uleb128 0x13
 1586 00c0 8701     		.uleb128 0x87
 1587 00c2 19       		.uleb128 0x19
 1588 00c3 11       		.uleb128 0x11
 1589 00c4 01       		.uleb128 0x1
 1590 00c5 12       		.uleb128 0x12
 1591 00c6 06       		.uleb128 0x6
 1592 00c7 40       		.uleb128 0x40
 1593 00c8 18       		.uleb128 0x18
 1594 00c9 9742     		.uleb128 0x2117
 1595 00cb 19       		.uleb128 0x19
 1596 00cc 01       		.uleb128 0x1
 1597 00cd 13       		.uleb128 0x13
 1598 00ce 00       		.byte	0
 1599 00cf 00       		.byte	0
ARM GAS  C:\Users\nikod\AppData\Local\Temp\cccM4KxJ.s 			page 31


 1600 00d0 0E       		.uleb128 0xe
 1601 00d1 898201   		.uleb128 0x4109
 1602 00d4 01       		.byte	0x1
 1603 00d5 11       		.uleb128 0x11
 1604 00d6 01       		.uleb128 0x1
 1605 00d7 31       		.uleb128 0x31
 1606 00d8 13       		.uleb128 0x13
 1607 00d9 00       		.byte	0
 1608 00da 00       		.byte	0
 1609 00db 0F       		.uleb128 0xf
 1610 00dc 34       		.uleb128 0x34
 1611 00dd 00       		.byte	0
 1612 00de 03       		.uleb128 0x3
 1613 00df 0E       		.uleb128 0xe
 1614 00e0 3A       		.uleb128 0x3a
 1615 00e1 0B       		.uleb128 0xb
 1616 00e2 3B       		.uleb128 0x3b
 1617 00e3 05       		.uleb128 0x5
 1618 00e4 49       		.uleb128 0x49
 1619 00e5 13       		.uleb128 0x13
 1620 00e6 3F       		.uleb128 0x3f
 1621 00e7 19       		.uleb128 0x19
 1622 00e8 3C       		.uleb128 0x3c
 1623 00e9 19       		.uleb128 0x19
 1624 00ea 00       		.byte	0
 1625 00eb 00       		.byte	0
 1626 00ec 10       		.uleb128 0x10
 1627 00ed 01       		.uleb128 0x1
 1628 00ee 01       		.byte	0x1
 1629 00ef 49       		.uleb128 0x49
 1630 00f0 13       		.uleb128 0x13
 1631 00f1 01       		.uleb128 0x1
 1632 00f2 13       		.uleb128 0x13
 1633 00f3 00       		.byte	0
 1634 00f4 00       		.byte	0
 1635 00f5 11       		.uleb128 0x11
 1636 00f6 21       		.uleb128 0x21
 1637 00f7 00       		.byte	0
 1638 00f8 49       		.uleb128 0x49
 1639 00f9 13       		.uleb128 0x13
 1640 00fa 2F       		.uleb128 0x2f
 1641 00fb 0B       		.uleb128 0xb
 1642 00fc 00       		.byte	0
 1643 00fd 00       		.byte	0
 1644 00fe 12       		.uleb128 0x12
 1645 00ff 26       		.uleb128 0x26
 1646 0100 00       		.byte	0
 1647 0101 49       		.uleb128 0x49
 1648 0102 13       		.uleb128 0x13
 1649 0103 00       		.byte	0
 1650 0104 00       		.byte	0
 1651 0105 13       		.uleb128 0x13
 1652 0106 34       		.uleb128 0x34
 1653 0107 00       		.byte	0
 1654 0108 03       		.uleb128 0x3
 1655 0109 08       		.uleb128 0x8
 1656 010a 3A       		.uleb128 0x3a
ARM GAS  C:\Users\nikod\AppData\Local\Temp\cccM4KxJ.s 			page 32


 1657 010b 0B       		.uleb128 0xb
 1658 010c 3B       		.uleb128 0x3b
 1659 010d 0B       		.uleb128 0xb
 1660 010e 49       		.uleb128 0x49
 1661 010f 13       		.uleb128 0x13
 1662 0110 3F       		.uleb128 0x3f
 1663 0111 19       		.uleb128 0x19
 1664 0112 02       		.uleb128 0x2
 1665 0113 18       		.uleb128 0x18
 1666 0114 00       		.byte	0
 1667 0115 00       		.byte	0
 1668 0116 14       		.uleb128 0x14
 1669 0117 34       		.uleb128 0x34
 1670 0118 00       		.byte	0
 1671 0119 03       		.uleb128 0x3
 1672 011a 0E       		.uleb128 0xe
 1673 011b 3A       		.uleb128 0x3a
 1674 011c 0B       		.uleb128 0xb
 1675 011d 3B       		.uleb128 0x3b
 1676 011e 0B       		.uleb128 0xb
 1677 011f 49       		.uleb128 0x49
 1678 0120 13       		.uleb128 0x13
 1679 0121 3F       		.uleb128 0x3f
 1680 0122 19       		.uleb128 0x19
 1681 0123 02       		.uleb128 0x2
 1682 0124 18       		.uleb128 0x18
 1683 0125 00       		.byte	0
 1684 0126 00       		.byte	0
 1685 0127 15       		.uleb128 0x15
 1686 0128 2E       		.uleb128 0x2e
 1687 0129 00       		.byte	0
 1688 012a 3F       		.uleb128 0x3f
 1689 012b 19       		.uleb128 0x19
 1690 012c 3C       		.uleb128 0x3c
 1691 012d 19       		.uleb128 0x19
 1692 012e 6E       		.uleb128 0x6e
 1693 012f 0E       		.uleb128 0xe
 1694 0130 03       		.uleb128 0x3
 1695 0131 0E       		.uleb128 0xe
 1696 0132 3A       		.uleb128 0x3a
 1697 0133 0B       		.uleb128 0xb
 1698 0134 3B       		.uleb128 0x3b
 1699 0135 0B       		.uleb128 0xb
 1700 0136 00       		.byte	0
 1701 0137 00       		.byte	0
 1702 0138 00       		.byte	0
 1703              		.section	.debug_loc,"",%progbits
 1704              	.Ldebug_loc0:
 1705              	.LLST0:
 1706 0000 1C000000 		.4byte	.LVL5
 1707 0004 24000000 		.4byte	.LVL6
 1708 0008 0100     		.2byte	0x1
 1709 000a 50       		.byte	0x50
 1710 000b 90060000 		.4byte	.LVL164
 1711 000f 93060000 		.4byte	.LVL165-1
 1712 0013 0100     		.2byte	0x1
 1713 0015 50       		.byte	0x50
ARM GAS  C:\Users\nikod\AppData\Local\Temp\cccM4KxJ.s 			page 33


 1714 0016 00000000 		.4byte	0
 1715 001a 00000000 		.4byte	0
 1716              		.section	.debug_aranges,"",%progbits
 1717 0000 2C000000 		.4byte	0x2c
 1718 0004 0200     		.2byte	0x2
 1719 0006 00000000 		.4byte	.Ldebug_info0
 1720 000a 04       		.byte	0x4
 1721 000b 00       		.byte	0
 1722 000c 0000     		.2byte	0
 1723 000e 0000     		.2byte	0
 1724 0010 00000000 		.4byte	.LFB63
 1725 0014 2C000000 		.4byte	.LFE63-.LFB63
 1726 0018 00000000 		.4byte	.LFB64
 1727 001c 9C060000 		.4byte	.LFE64-.LFB64
 1728 0020 00000000 		.4byte	.LFB65
 1729 0024 2C000000 		.4byte	.LFE65-.LFB65
 1730 0028 00000000 		.4byte	0
 1731 002c 00000000 		.4byte	0
 1732              		.section	.debug_ranges,"",%progbits
 1733              	.Ldebug_ranges0:
 1734 0000 00000000 		.4byte	.LFB63
 1735 0004 2C000000 		.4byte	.LFE63
 1736 0008 00000000 		.4byte	.LFB64
 1737 000c 9C060000 		.4byte	.LFE64
 1738 0010 00000000 		.4byte	.LFB65
 1739 0014 2C000000 		.4byte	.LFE65
 1740 0018 00000000 		.4byte	0
 1741 001c 00000000 		.4byte	0
 1742              		.section	.debug_line,"",%progbits
 1743              	.Ldebug_line0:
 1744 0000 0D020000 		.section	.debug_str,"MS",%progbits,1
 1744      02008F01 
 1744      00000201 
 1744      FB0E0D00 
 1744      01010101 
 1745              	.LASF23:
 1746 0000 53575F43 		.ascii	"SW_ClearInterrupt\000"
 1746      6C656172 
 1746      496E7465 
 1746      72727570 
 1746      7400
 1747              	.LASF9:
 1748 0012 5F5F696E 		.ascii	"__int32_t\000"
 1748      7433325F 
 1748      7400
 1749              	.LASF27:
 1750 001c 4441435F 		.ascii	"DAC_SetValue\000"
 1750      53657456 
 1750      616C7565 
 1750      00
 1751              	.LASF14:
 1752 0029 646F7562 		.ascii	"double\000"
 1752      6C6500
 1753              	.LASF10:
 1754 0030 696E7433 		.ascii	"int32_t\000"
 1754      325F7400 
 1755              	.LASF13:
ARM GAS  C:\Users\nikod\AppData\Local\Temp\cccM4KxJ.s 			page 34


 1756 0038 666C6F61 		.ascii	"float\000"
 1756      7400
 1757              	.LASF19:
 1758 003e 6C6C6567 		.ascii	"llegaMuestra\000"
 1758      614D7565 
 1758      73747261 
 1758      00
 1759              	.LASF1:
 1760 004b 756E7369 		.ascii	"unsigned char\000"
 1760      676E6564 
 1760      20636861 
 1760      7200
 1761              	.LASF33:
 1762 0059 474E5520 		.ascii	"GNU C11 5.4.1 20160609 (release) [ARM/embedded-5-br"
 1762      43313120 
 1762      352E342E 
 1762      31203230 
 1762      31363036 
 1763 008c 616E6368 		.ascii	"anch revision 237715] -mcpu=cortex-m3 -mthumb -g -O"
 1763      20726576 
 1763      6973696F 
 1763      6E203233 
 1763      37373135 
 1764 00bf 67202D66 		.ascii	"g -ffunction-sections -ffat-lto-objects\000"
 1764      66756E63 
 1764      74696F6E 
 1764      2D736563 
 1764      74696F6E 
 1765              	.LASF24:
 1766 00e7 4144435F 		.ascii	"ADC_StartConvert\000"
 1766      53746172 
 1766      74436F6E 
 1766      76657274 
 1766      00
 1767              	.LASF3:
 1768 00f8 73686F72 		.ascii	"short unsigned int\000"
 1768      7420756E 
 1768      7369676E 
 1768      65642069 
 1768      6E7400
 1769              	.LASF26:
 1770 010b 4144435F 		.ascii	"ADC_GetResult16\000"
 1770      47657452 
 1770      6573756C 
 1770      74313600 
 1771              	.LASF31:
 1772 011b 4953525F 		.ascii	"ISR_StartEx\000"
 1772      53746172 
 1772      74457800 
 1773              	.LASF25:
 1774 0127 4144435F 		.ascii	"ADC_IsEndConversion\000"
 1774      4973456E 
 1774      64436F6E 
 1774      76657273 
 1774      696F6E00 
 1775              	.LASF29:
 1776 013b 4441435F 		.ascii	"DAC_Start\000"
ARM GAS  C:\Users\nikod\AppData\Local\Temp\cccM4KxJ.s 			page 35


 1776      53746172 
 1776      7400
 1777              	.LASF5:
 1778 0145 6C6F6E67 		.ascii	"long unsigned int\000"
 1778      20756E73 
 1778      69676E65 
 1778      6420696E 
 1778      7400
 1779              	.LASF18:
 1780 0157 494E545F 		.ascii	"INT_SW\000"
 1780      535700
 1781              	.LASF12:
 1782 015e 75696E74 		.ascii	"uint16\000"
 1782      313600
 1783              	.LASF20:
 1784 0165 49544D5F 		.ascii	"ITM_RxBuffer\000"
 1784      52784275 
 1784      66666572 
 1784      00
 1785              	.LASF36:
 1786 0172 6D61696E 		.ascii	"main\000"
 1786      00
 1787              	.LASF30:
 1788 0177 54696D65 		.ascii	"Timer_Start\000"
 1788      725F5374 
 1788      61727400 
 1789              	.LASF8:
 1790 0183 756E7369 		.ascii	"unsigned int\000"
 1790      676E6564 
 1790      20696E74 
 1790      00
 1791              	.LASF7:
 1792 0190 6C6F6E67 		.ascii	"long long unsigned int\000"
 1792      206C6F6E 
 1792      6720756E 
 1792      7369676E 
 1792      65642069 
 1793              	.LASF28:
 1794 01a7 4144435F 		.ascii	"ADC_Start\000"
 1794      53746172 
 1794      7400
 1795              	.LASF16:
 1796 01b1 6C6F6E67 		.ascii	"long double\000"
 1796      20646F75 
 1796      626C6500 
 1797              	.LASF17:
 1798 01bd 73697A65 		.ascii	"sizetype\000"
 1798      74797065 
 1798      00
 1799              	.LASF6:
 1800 01c6 6C6F6E67 		.ascii	"long long int\000"
 1800      206C6F6E 
 1800      6720696E 
 1800      7400
 1801              	.LASF34:
 1802 01d4 6D61696E 		.ascii	"main.c\000"
 1802      2E6300
ARM GAS  C:\Users\nikod\AppData\Local\Temp\cccM4KxJ.s 			page 36


 1803              	.LASF15:
 1804 01db 63686172 		.ascii	"char\000"
 1804      00
 1805              	.LASF2:
 1806 01e0 73686F72 		.ascii	"short int\000"
 1806      7420696E 
 1806      7400
 1807              	.LASF11:
 1808 01ea 75696E74 		.ascii	"uint8\000"
 1808      3800
 1809              	.LASF32:
 1810 01f0 4953525F 		.ascii	"ISR_1_StartEx\000"
 1810      315F5374 
 1810      61727445 
 1810      7800
 1811              	.LASF35:
 1812 01fe 433A5C55 		.ascii	"C:\\Users\\nikod\\Documents\\PSoC Creator\\FiltroFI"
 1812      73657273 
 1812      5C6E696B 
 1812      6F645C44 
 1812      6F63756D 
 1813 022c 52446967 		.ascii	"RDigitalProgramable\\Proy3_1.cydsn\000"
 1813      6974616C 
 1813      50726F67 
 1813      72616D61 
 1813      626C655C 
 1814              	.LASF4:
 1815 024e 6C6F6E67 		.ascii	"long int\000"
 1815      20696E74 
 1815      00
 1816              	.LASF21:
 1817 0257 636F6E74 		.ascii	"cont\000"
 1817      00
 1818              	.LASF0:
 1819 025c 7369676E 		.ascii	"signed char\000"
 1819      65642063 
 1819      68617200 
 1820              	.LASF22:
 1821 0268 4C454453 		.ascii	"LEDS_Write\000"
 1821      5F577269 
 1821      746500
 1822              		.ident	"GCC: (GNU Tools for ARM Embedded Processors) 5.4.1 20160609 (release) [ARM/embedded-5-bran
